#
# There is insufficient memory for the Java Runtime Environment to continue.
# Native memory allocation (malloc) failed to allocate 2165776 bytes for Chunk::new
# Possible reasons:
#   The system is out of physical RAM or swap space
#   The process is running with CompressedOops enabled, and the Java Heap may be blocking the growth of the native heap
# Possible solutions:
#   Reduce memory load on the system
#   Increase physical memory or swap space
#   Check if swap backing store is full
#   Decrease Java heap size (-Xmx/-Xms)
#   Decrease number of Java threads
#   Decrease Java thread stack sizes (-Xss)
#   Set larger code cache with -XX:ReservedCodeCacheSize=
#   JVM is running with Unscaled Compressed Oops mode in which the Java heap is
#     placed in the first 4GB address space. The Java Heap base address is the
#     maximum limit for the native heap growth. Please use -XX:HeapBaseMinAddress
#     to set the Java Heap base and to place the Java Heap above 4GB virtual address.
# This output file may be truncated or incomplete.
#
#  Out of Memory Error (./src/hotspot/share/memory/arena.cpp:197), pid=30168, tid=51936
#
# JRE version: OpenJDK Runtime Environment (11.0.10) (build 11.0.10+0-b96-7249189)
# Java VM: OpenJDK 64-Bit Server VM (11.0.10+0-b96-7249189, mixed mode, tiered, compressed oops, g1 gc, windows-amd64)
# No core dump will be written. Minidumps are not enabled by default on client versions of Windows
#

---------------  S U M M A R Y ------------

Command Line: --add-opens=java.base/java.util=ALL-UNNAMED --add-opens=java.base/java.lang=ALL-UNNAMED --add-opens=java.base/java.lang.invoke=ALL-UNNAMED --add-opens=java.base/java.util=ALL-UNNAMED --add-opens=java.prefs/java.util.prefs=ALL-UNNAMED --add-opens=java.prefs/java.util.prefs=ALL-UNNAMED --add-opens=java.base/java.nio.charset=ALL-UNNAMED --add-opens=java.base/java.net=ALL-UNNAMED --add-opens=java.base/java.util.concurrent.atomic=ALL-UNNAMED -Xmx2048m -Dfile.encoding=UTF-8 -Duser.country=US -Duser.language=en -Duser.variant org.gradle.launcher.daemon.bootstrap.GradleDaemon 7.0.2

Host: AMD Ryzen 7 3700X 8-Core Processor             , 16 cores, 15G,  Windows 10 , 64 bit Build 19041 (10.0.19041.1202)
Time: Mon Oct 11 15:22:46 2021 Central Daylight Time elapsed time: 7.078899 seconds (0d 0h 0m 7s)

---------------  T H R E A D  ---------------

Current thread (0x000002901234b000):  JavaThread "C2 CompilerThread0" daemon [_thread_in_native, id=51936, stack(0x000000becc200000,0x000000becc300000)]


Current CompileTask:
C2:   7078 9044       4       groovy.lang.MetaClassImpl::filterPropertyMethod (305 bytes)

Stack: [0x000000becc200000,0x000000becc300000]
Native frames: (J=compiled Java code, j=interpreted, Vv=VM code, C=native code)
V  [jvm.dll+0x5ecfaa]
V  [jvm.dll+0x722bd5]
V  [jvm.dll+0x72412d]
V  [jvm.dll+0x7247e3]
V  [jvm.dll+0x242928]
V  [jvm.dll+0xbc4fc]
V  [jvm.dll+0xbca0c]
V  [jvm.dll+0x352d3b]
V  [jvm.dll+0x320ad3]
V  [jvm.dll+0x31ffca]
V  [jvm.dll+0x1fb602]
V  [jvm.dll+0x1fa7f4]
V  [jvm.dll+0x18354c]
V  [jvm.dll+0x208ee7]
V  [jvm.dll+0x207731]
V  [jvm.dll+0x6eb1cf]
V  [jvm.dll+0x6e3d45]
V  [jvm.dll+0x5ebe96]
C  [ucrtbase.dll+0x21bb2]
C  [KERNEL32.DLL+0x17034]
C  [ntdll.dll+0x52651]


---------------  P R O C E S S  ---------------

Threads class SMR info:
_java_thread_list=0x000002901bf46720, length=70, elements={
0x0000029074b1d800, 0x00000290122e5000, 0x00000290122ee800, 0x0000029012344800,
0x0000029012346000, 0x0000029012348000, 0x000002901234b000, 0x0000029012358000,
0x000002901235d000, 0x00000290124c5800, 0x00000290124e7800, 0x00000290124e9800,
0x0000029013cc6800, 0x0000029013aed800, 0x0000029013bde000, 0x0000029013c22800,
0x00000290141b0800, 0x00000290144dc000, 0x0000029013bc1800, 0x0000029014192800,
0x00000290144d9800, 0x0000029014518000, 0x0000029014517000, 0x000002901451a000,
0x0000029014518800, 0x0000029014e82800, 0x0000029014516000, 0x0000029014519800,
0x000002901451b000, 0x000002901451c000, 0x000002901451c800, 0x0000029014cdb000,
0x0000029014cdc000, 0x0000029014cd8800, 0x0000029014cda800, 0x0000029014cdc800,
0x0000029014cd9800, 0x0000029014cd7000, 0x0000029014cdd800, 0x0000029014cd8000,
0x0000029014ce3800, 0x0000029014ce2800, 0x0000029014ce4000, 0x0000029014cdf000,
0x0000029014cde800, 0x0000029014ce5000, 0x0000029014ce5800, 0x0000029014ce0000,
0x0000029014ce1000, 0x00000290173e6800, 0x0000029016bce800, 0x0000029016bc8800,
0x0000029016bcb000, 0x0000029016bc9800, 0x0000029016bca800, 0x0000029016bcd000,
0x0000029016bcd800, 0x0000029016bcf000, 0x000002901976f800, 0x0000029019776000,
0x0000029019773000, 0x0000029019774000, 0x0000029019772000, 0x0000029019774800,
0x0000029019770800, 0x0000029019775800, 0x0000029019771800, 0x000002901977b000,
0x000002901977c000, 0x0000029019778800
}

Java Threads: ( => current thread )
  0x0000029074b1d800 JavaThread "main" [_thread_blocked, id=45836, stack(0x000000becb600000,0x000000becb700000)]
  0x00000290122e5000 JavaThread "Reference Handler" daemon [_thread_blocked, id=19476, stack(0x000000becbd00000,0x000000becbe00000)]
  0x00000290122ee800 JavaThread "Finalizer" daemon [_thread_blocked, id=50536, stack(0x000000becbe00000,0x000000becbf00000)]
  0x0000029012344800 JavaThread "Signal Dispatcher" daemon [_thread_blocked, id=38360, stack(0x000000becbf00000,0x000000becc000000)]
  0x0000029012346000 JavaThread "Attach Listener" daemon [_thread_blocked, id=41128, stack(0x000000becc000000,0x000000becc100000)]
  0x0000029012348000 JavaThread "Service Thread" daemon [_thread_blocked, id=49652, stack(0x000000becc100000,0x000000becc200000)]
=>0x000002901234b000 JavaThread "C2 CompilerThread0" daemon [_thread_in_native, id=51936, stack(0x000000becc200000,0x000000becc300000)]
  0x0000029012358000 JavaThread "C1 CompilerThread0" daemon [_thread_blocked, id=39092, stack(0x000000becc300000,0x000000becc400000)]
  0x000002901235d000 JavaThread "Sweeper thread" daemon [_thread_blocked, id=40516, stack(0x000000becc400000,0x000000becc500000)]
  0x00000290124c5800 JavaThread "Common-Cleaner" daemon [_thread_blocked, id=7212, stack(0x000000becc500000,0x000000becc600000)]
  0x00000290124e7800 JavaThread "C1 CompilerThread1" daemon [_thread_blocked, id=11652, stack(0x000000becc600000,0x000000becc700000)]
  0x00000290124e9800 JavaThread "C1 CompilerThread2" daemon [_thread_blocked, id=22144, stack(0x000000becc700000,0x000000becc800000)]
  0x0000029013cc6800 JavaThread "Daemon health stats" [_thread_blocked, id=48256, stack(0x000000becce00000,0x000000beccf00000)]
  0x0000029013aed800 JavaThread "Incoming local TCP Connector on port 51074" [_thread_in_native, id=44572, stack(0x000000beccf00000,0x000000becd000000)]
  0x0000029013bde000 JavaThread "Daemon periodic checks" [_thread_blocked, id=44944, stack(0x000000becd000000,0x000000becd100000)]
  0x0000029013c22800 JavaThread "Daemon" [_thread_blocked, id=33196, stack(0x000000becd100000,0x000000becd200000)]
  0x00000290141b0800 JavaThread "Handler for socket connection from /127.0.0.1:51074 to /127.0.0.1:51075" [_thread_in_native, id=4424, stack(0x000000becd200000,0x000000becd300000)]
  0x00000290144dc000 JavaThread "Cancel handler" [_thread_blocked, id=43316, stack(0x000000becd300000,0x000000becd400000)]
  0x0000029013bc1800 JavaThread "Daemon worker" [_thread_in_Java, id=52888, stack(0x000000becd400000,0x000000becd500000)]
  0x0000029014192800 JavaThread "Asynchronous log dispatcher for DefaultDaemonConnection: socket connection from /127.0.0.1:51074 to /127.0.0.1:51075" [_thread_blocked, id=42536, stack(0x000000becd500000,0x000000becd600000)]
  0x00000290144d9800 JavaThread "Stdin handler" [_thread_blocked, id=30440, stack(0x000000becd600000,0x000000becd700000)]
  0x0000029014518000 JavaThread "Daemon client event forwarder" [_thread_blocked, id=47944, stack(0x000000becd700000,0x000000becd800000)]
  0x0000029014517000 JavaThread "Cache worker for file hash cache (C:\Users\Evan\.gradle\caches\7.0.2\fileHashes)" [_thread_blocked, id=46012, stack(0x000000becd800000,0x000000becd900000)]
  0x000002901451a000 JavaThread "File lock request listener" [_thread_in_native, id=52084, stack(0x000000becd900000,0x000000becda00000)]
  0x0000029014518800 JavaThread "Cache worker for journal cache (C:\Users\Evan\.gradle\caches\journal-1)" [_thread_blocked, id=25592, stack(0x000000bece300000,0x000000bece400000)]
  0x0000029014e82800 JavaThread "C2 CompilerThread1" daemon [_thread_in_native, id=20120, stack(0x000000bece400000,0x000000bece500000)]
  0x0000029014516000 JavaThread "Cache worker for file hash cache (C:\Users\Evan\CryptoShop\1_sg_1\Experiments\signup\.gradle\7.0.2\fileHashes)" [_thread_blocked, id=16084, stack(0x000000bece500000,0x000000bece600000)]
  0x0000029014519800 JavaThread "File watcher server" daemon [_thread_in_native, id=32748, stack(0x000000bece600000,0x000000bece700000)]
  0x000002901451b000 JavaThread "File watcher consumer" daemon [_thread_blocked, id=48944, stack(0x000000bece700000,0x000000bece800000)]
  0x000002901451c000 JavaThread "jar transforms" [_thread_blocked, id=49416, stack(0x000000bece800000,0x000000bece900000)]
  0x000002901451c800 JavaThread "jar transforms Thread 2" [_thread_blocked, id=32136, stack(0x000000bece900000,0x000000becea00000)]
  0x0000029014cdb000 JavaThread "jar transforms Thread 3" [_thread_blocked, id=48504, stack(0x000000becea00000,0x000000beceb00000)]
  0x0000029014cdc000 JavaThread "jar transforms Thread 4" [_thread_blocked, id=42964, stack(0x000000beceb00000,0x000000becec00000)]
  0x0000029014cd8800 JavaThread "jar transforms Thread 5" [_thread_blocked, id=41104, stack(0x000000becec00000,0x000000beced00000)]
  0x0000029014cda800 JavaThread "jar transforms Thread 6" [_thread_blocked, id=16600, stack(0x000000beced00000,0x000000becee00000)]
  0x0000029014cdc800 JavaThread "jar transforms Thread 7" [_thread_blocked, id=48900, stack(0x000000becee00000,0x000000becef00000)]
  0x0000029014cd9800 JavaThread "jar transforms Thread 8" [_thread_blocked, id=48524, stack(0x000000becef00000,0x000000becf000000)]
  0x0000029014cd7000 JavaThread "jar transforms Thread 9" [_thread_blocked, id=9112, stack(0x000000becf000000,0x000000becf100000)]
  0x0000029014cdd800 JavaThread "jar transforms Thread 10" [_thread_blocked, id=52948, stack(0x000000becf100000,0x000000becf200000)]
  0x0000029014cd8000 JavaThread "jar transforms Thread 11" [_thread_blocked, id=44196, stack(0x000000becf200000,0x000000becf300000)]
  0x0000029014ce3800 JavaThread "jar transforms Thread 12" [_thread_blocked, id=6532, stack(0x000000becf300000,0x000000becf400000)]
  0x0000029014ce2800 JavaThread "jar transforms Thread 13" [_thread_blocked, id=44648, stack(0x000000becf400000,0x000000becf500000)]
  0x0000029014ce4000 JavaThread "jar transforms Thread 14" [_thread_blocked, id=14768, stack(0x000000becf500000,0x000000becf600000)]
  0x0000029014cdf000 JavaThread "jar transforms Thread 15" [_thread_blocked, id=47780, stack(0x000000becf600000,0x000000becf700000)]
  0x0000029014cde800 JavaThread "jar transforms Thread 16" [_thread_blocked, id=49436, stack(0x000000becf700000,0x000000becf800000)]
  0x0000029014ce5000 JavaThread "Cache worker for checksums cache (C:\Users\Evan\CryptoShop\1_sg_1\Experiments\signup\.gradle\checksums)" [_thread_blocked, id=38208, stack(0x000000becf800000,0x000000becf900000)]
  0x0000029014ce5800 JavaThread "Cache worker for cache directory md-supplier (C:\Users\Evan\.gradle\caches\7.0.2\md-supplier)" [_thread_blocked, id=23280, stack(0x000000becf900000,0x000000becfa00000)]
  0x0000029014ce0000 JavaThread "Cache worker for cache directory md-rule (C:\Users\Evan\.gradle\caches\7.0.2\md-rule)" [_thread_blocked, id=28072, stack(0x000000becfa00000,0x000000becfb00000)]
  0x0000029014ce1000 JavaThread "Cache worker for execution history cache (C:\Users\Evan\.gradle\caches\7.0.2\executionHistory)" [_thread_blocked, id=40592, stack(0x000000becfb00000,0x000000becfc00000)]
  0x00000290173e6800 JavaThread "C1 CompilerThread3" daemon [_thread_blocked, id=9936, stack(0x000000becfc00000,0x000000becfd00000)]
  0x0000029016bce800 JavaThread "Cache worker for file content cache (C:\Users\Evan\.gradle\caches\7.0.2\fileContent)" [_thread_blocked, id=52112, stack(0x000000becfd00000,0x000000becfe00000)]
  0x0000029016bc8800 JavaThread "Cache worker for dependencies-accessors (C:\Users\Evan\CryptoShop\1_sg_1\Experiments\signup\.gradle\7.0.2\dependencies-accessors)" [_thread_blocked, id=17572, stack(0x000000becfe00000,0x000000becff00000)]
  0x0000029016bcb000 JavaThread "Cache worker for Build Output Cleanup Cache (C:\Users\Evan\CryptoShop\1_sg_1\Experiments\signup\.gradle\buildOutputCleanup)" [_thread_blocked, id=49676, stack(0x000000becff00000,0x000000bed0000000)]
  0x0000029016bc9800 JavaThread "Build operations" [_thread_blocked, id=45196, stack(0x000000bed0000000,0x000000bed0100000)]
  0x0000029016bca800 JavaThread "Build operations Thread 2" [_thread_blocked, id=51548, stack(0x000000bed0100000,0x000000bed0200000)]
  0x0000029016bcd000 JavaThread "Build operations Thread 3" [_thread_blocked, id=29848, stack(0x000000bed0200000,0x000000bed0300000)]
  0x0000029016bcd800 JavaThread "Build operations Thread 4" [_thread_blocked, id=38300, stack(0x000000bed0300000,0x000000bed0400000)]
  0x0000029016bcf000 JavaThread "Build operations Thread 5" [_thread_blocked, id=7900, stack(0x000000bed0400000,0x000000bed0500000)]
  0x000002901976f800 JavaThread "Build operations Thread 6" [_thread_blocked, id=51068, stack(0x000000bed0500000,0x000000bed0600000)]
  0x0000029019776000 JavaThread "Build operations Thread 7" [_thread_blocked, id=48136, stack(0x000000bed0600000,0x000000bed0700000)]
  0x0000029019773000 JavaThread "Build operations Thread 8" [_thread_blocked, id=36128, stack(0x000000bed0700000,0x000000bed0800000)]
  0x0000029019774000 JavaThread "Build operations Thread 9" [_thread_blocked, id=48288, stack(0x000000bed0800000,0x000000bed0900000)]
  0x0000029019772000 JavaThread "Build operations Thread 10" [_thread_blocked, id=2664, stack(0x000000bed0900000,0x000000bed0a00000)]
  0x0000029019774800 JavaThread "Build operations Thread 11" [_thread_blocked, id=42364, stack(0x000000bed0a00000,0x000000bed0b00000)]
  0x0000029019770800 JavaThread "Build operations Thread 12" [_thread_blocked, id=31704, stack(0x000000bed0b00000,0x000000bed0c00000)]
  0x0000029019775800 JavaThread "Build operations Thread 13" [_thread_blocked, id=36512, stack(0x000000bed0c00000,0x000000bed0d00000)]
  0x0000029019771800 JavaThread "Build operations Thread 14" [_thread_blocked, id=31384, stack(0x000000bed0d00000,0x000000bed0e00000)]
  0x000002901977b000 JavaThread "Build operations Thread 15" [_thread_blocked, id=38292, stack(0x000000bed0e00000,0x000000bed0f00000)]
  0x000002901977c000 JavaThread "Build operations Thread 16" [_thread_blocked, id=42992, stack(0x000000bed0f00000,0x000000bed1000000)]
  0x0000029019778800 JavaThread "Memory manager" [_thread_blocked, id=35220, stack(0x000000bed1000000,0x000000bed1100000)]

Other Threads:
  0x00000290122e0800 VMThread "VM Thread" [stack: 0x000000becbc00000,0x000000becbd00000] [id=35092]
  0x00000290124ed800 WatcherThread [stack: 0x000000becc800000,0x000000becc900000] [id=38956]
  0x0000029074b35800 GCTaskThread "GC Thread#0" [stack: 0x000000becb700000,0x000000becb800000] [id=19060]
  0x0000029012d1a000 GCTaskThread "GC Thread#1" [stack: 0x000000becc900000,0x000000becca00000] [id=40888]
  0x0000029012938000 GCTaskThread "GC Thread#2" [stack: 0x000000becca00000,0x000000beccb00000] [id=28768]
  0x0000029012939000 GCTaskThread "GC Thread#3" [stack: 0x000000beccb00000,0x000000beccc00000] [id=52624]
  0x00000290132b7800 GCTaskThread "GC Thread#4" [stack: 0x000000beccc00000,0x000000beccd00000] [id=26628]
  0x000002901384c000 GCTaskThread "GC Thread#5" [stack: 0x000000beccd00000,0x000000becce00000] [id=50944]
  0x000002901384d000 GCTaskThread "GC Thread#6" [stack: 0x000000becda00000,0x000000becdb00000] [id=20444]
  0x000002901384b800 GCTaskThread "GC Thread#7" [stack: 0x000000becdb00000,0x000000becdc00000] [id=33064]
  0x000002901384b000 GCTaskThread "GC Thread#8" [stack: 0x000000becdc00000,0x000000becdd00000] [id=11404]
  0x000002901384d800 GCTaskThread "GC Thread#9" [stack: 0x000000becdd00000,0x000000becde00000] [id=12956]
  0x0000029013847000 GCTaskThread "GC Thread#10" [stack: 0x000000becde00000,0x000000becdf00000] [id=44428]
  0x000002901384e800 GCTaskThread "GC Thread#11" [stack: 0x000000becdf00000,0x000000bece000000] [id=51448]
  0x0000029013848000 GCTaskThread "GC Thread#12" [stack: 0x000000bece000000,0x000000bece100000] [id=35604]
  0x0000029074b6a000 ConcurrentGCThread "G1 Main Marker" [stack: 0x000000becb800000,0x000000becb900000] [id=30420]
  0x0000029074b6c000 ConcurrentGCThread "G1 Conc#0" [stack: 0x000000becb900000,0x000000becba00000] [id=40780]
  0x0000029013848800 ConcurrentGCThread "G1 Conc#1" [stack: 0x000000bece100000,0x000000bece200000] [id=52116]
  0x0000029013849800 ConcurrentGCThread "G1 Conc#2" [stack: 0x000000bece200000,0x000000bece300000] [id=22016]
  0x0000029074bfe000 ConcurrentGCThread "G1 Refine#0" [stack: 0x000000becba00000,0x000000becbb00000] [id=51876]
  0x000002901192f800 ConcurrentGCThread "G1 Young RemSet Sampling" [stack: 0x000000becbb00000,0x000000becbc00000] [id=31232]

Threads with active compile tasks:
C2 CompilerThread0   7093 9044       4       groovy.lang.MetaClassImpl::filterPropertyMethod (305 bytes)
C1 CompilerThread1   7093 9151       3       org.objectweb.asm.ClassWriter::visit (160 bytes)
C2 CompilerThread1   7093 9042       4       com.sun.beans.TypeResolver::resolve (37 bytes)

VM state:not at safepoint (normal execution)

VM Mutex/Monitor currently owned by a thread: None

Heap address: 0x0000000080000000, size: 2048 MB, Compressed Oops mode: 32-bit
Narrow klass base: 0x0000000000000000, Narrow klass shift: 3
Compressed class space size: 1073741824 Address: 0x0000000100000000

Heap:
 garbage-first heap   total 262144K, used 105288K [0x0000000080000000, 0x0000000100000000)
  region size 1024K, 35 young (35840K), 15 survivors (15360K)
 Metaspace       used 80950K, capacity 83275K, committed 83532K, reserved 1122304K
  class space    used 10541K, capacity 11346K, committed 11392K, reserved 1048576K
Heap Regions: E=young(eden), S=young(survivor), O=old, HS=humongous(starts), HC=humongous(continues), CS=collection set, F=free, A=archive, TAMS=top-at-mark-start (previous, next)
|   0|0x0000000080000000, 0x0000000080100000, 0x0000000080100000|100%| O|  |TAMS 0x0000000080100000, 0x0000000080000000| Untracked 
|   1|0x0000000080100000, 0x0000000080200000, 0x0000000080200000|100%| O|  |TAMS 0x0000000080200000, 0x0000000080100000| Untracked 
|   2|0x0000000080200000, 0x0000000080300000, 0x0000000080300000|100%| O|  |TAMS 0x0000000080300000, 0x0000000080200000| Untracked 
|   3|0x0000000080300000, 0x0000000080400000, 0x0000000080400000|100%|HS|  |TAMS 0x0000000080400000, 0x0000000080300000| Complete 
|   4|0x0000000080400000, 0x0000000080500000, 0x0000000080500000|100%|HC|  |TAMS 0x0000000080500000, 0x0000000080400000| Complete 
|   5|0x0000000080500000, 0x0000000080600000, 0x0000000080600000|100%|HC|  |TAMS 0x0000000080600000, 0x0000000080500000| Complete 
|   6|0x0000000080600000, 0x0000000080700000, 0x0000000080700000|100%| O|  |TAMS 0x0000000080700000, 0x0000000080600000| Untracked 
|   7|0x0000000080700000, 0x0000000080800000, 0x0000000080800000|100%| O|  |TAMS 0x0000000080800000, 0x0000000080700000| Untracked 
|   8|0x0000000080800000, 0x0000000080900000, 0x0000000080900000|100%| O|  |TAMS 0x0000000080900000, 0x0000000080800000| Untracked 
|   9|0x0000000080900000, 0x0000000080a00000, 0x0000000080a00000|100%| O|  |TAMS 0x0000000080a00000, 0x0000000080900000| Untracked 
|  10|0x0000000080a00000, 0x0000000080b00000, 0x0000000080b00000|100%| O|  |TAMS 0x0000000080b00000, 0x0000000080a00000| Untracked 
|  11|0x0000000080b00000, 0x0000000080c00000, 0x0000000080c00000|100%| O|  |TAMS 0x0000000080c00000, 0x0000000080b00000| Untracked 
|  12|0x0000000080c00000, 0x0000000080d00000, 0x0000000080d00000|100%| O|  |TAMS 0x0000000080d00000, 0x0000000080c00000| Untracked 
|  13|0x0000000080d00000, 0x0000000080e00000, 0x0000000080e00000|100%| O|  |TAMS 0x0000000080e00000, 0x0000000080d00000| Untracked 
|  14|0x0000000080e00000, 0x0000000080f00000, 0x0000000080f00000|100%| O|  |TAMS 0x0000000080f00000, 0x0000000080e00000| Untracked 
|  15|0x0000000080f00000, 0x0000000081000000, 0x0000000081000000|100%| O|  |TAMS 0x0000000081000000, 0x0000000080f00000| Untracked 
|  16|0x0000000081000000, 0x0000000081100000, 0x0000000081100000|100%|HS|  |TAMS 0x0000000081100000, 0x0000000081000000| Complete 
|  17|0x0000000081100000, 0x0000000081200000, 0x0000000081200000|100%|HC|  |TAMS 0x0000000081200000, 0x0000000081100000| Complete 
|  18|0x0000000081200000, 0x0000000081300000, 0x0000000081300000|100%|HS|  |TAMS 0x0000000081300000, 0x0000000081200000| Complete 
|  19|0x0000000081300000, 0x0000000081400000, 0x0000000081400000|100%|HC|  |TAMS 0x0000000081400000, 0x0000000081300000| Complete 
|  20|0x0000000081400000, 0x0000000081500000, 0x0000000081500000|100%|HC|  |TAMS 0x0000000081500000, 0x0000000081400000| Complete 
|  21|0x0000000081500000, 0x0000000081600000, 0x0000000081600000|100%|HS|  |TAMS 0x0000000081600000, 0x0000000081500000| Complete 
|  22|0x0000000081600000, 0x0000000081700000, 0x0000000081700000|100%|HC|  |TAMS 0x0000000081700000, 0x0000000081600000| Complete 
|  23|0x0000000081700000, 0x0000000081800000, 0x0000000081800000|100%|HC|  |TAMS 0x0000000081800000, 0x0000000081700000| Complete 
|  24|0x0000000081800000, 0x0000000081900000, 0x0000000081900000|100%|HC|  |TAMS 0x0000000081900000, 0x0000000081800000| Complete 
|  25|0x0000000081900000, 0x0000000081a00000, 0x0000000081a00000|100%|HC|  |TAMS 0x0000000081a00000, 0x0000000081900000| Complete 
|  26|0x0000000081a00000, 0x0000000081b00000, 0x0000000081b00000|100%| O|  |TAMS 0x0000000081b00000, 0x0000000081a00000| Untracked 
|  27|0x0000000081b00000, 0x0000000081c00000, 0x0000000081c00000|100%| O|  |TAMS 0x0000000081c00000, 0x0000000081b00000| Untracked 
|  28|0x0000000081c00000, 0x0000000081d00000, 0x0000000081d00000|100%| O|  |TAMS 0x0000000081d00000, 0x0000000081c00000| Untracked 
|  29|0x0000000081d00000, 0x0000000081e00000, 0x0000000081e00000|100%|HS|  |TAMS 0x0000000081e00000, 0x0000000081d00000| Complete 
|  30|0x0000000081e00000, 0x0000000081f00000, 0x0000000081f00000|100%|HC|  |TAMS 0x0000000081f00000, 0x0000000081e00000| Complete 
|  31|0x0000000081f00000, 0x0000000082000000, 0x0000000082000000|100%|HC|  |TAMS 0x0000000082000000, 0x0000000081f00000| Complete 
|  32|0x0000000082000000, 0x0000000082100000, 0x0000000082100000|100%|HC|  |TAMS 0x0000000082100000, 0x0000000082000000| Complete 
|  33|0x0000000082100000, 0x0000000082200000, 0x0000000082200000|100%|HC|  |TAMS 0x0000000082200000, 0x0000000082100000| Complete 
|  34|0x0000000082200000, 0x0000000082300000, 0x0000000082300000|100%|HS|  |TAMS 0x0000000082300000, 0x0000000082200000| Complete 
|  35|0x0000000082300000, 0x0000000082400000, 0x0000000082400000|100%|HC|  |TAMS 0x0000000082400000, 0x0000000082300000| Complete 
|  36|0x0000000082400000, 0x0000000082500000, 0x0000000082500000|100%|HC|  |TAMS 0x0000000082500000, 0x0000000082400000| Complete 
|  37|0x0000000082500000, 0x0000000082600000, 0x0000000082600000|100%| O|  |TAMS 0x0000000082600000, 0x0000000082500000| Untracked 
|  38|0x0000000082600000, 0x0000000082700000, 0x0000000082700000|100%| O|  |TAMS 0x0000000082700000, 0x0000000082600000| Untracked 
|  39|0x0000000082700000, 0x0000000082800000, 0x0000000082800000|100%| O|  |TAMS 0x0000000082800000, 0x0000000082700000| Untracked 
|  40|0x0000000082800000, 0x0000000082900000, 0x0000000082900000|100%| O|  |TAMS 0x0000000082900000, 0x0000000082800000| Untracked 
|  41|0x0000000082900000, 0x0000000082a00000, 0x0000000082a00000|100%| O|  |TAMS 0x0000000082a00000, 0x0000000082900000| Untracked 
|  42|0x0000000082a00000, 0x0000000082b00000, 0x0000000082b00000|100%|HS|  |TAMS 0x0000000082b00000, 0x0000000082a00000| Complete 
|  43|0x0000000082b00000, 0x0000000082c00000, 0x0000000082c00000|100%|HS|  |TAMS 0x0000000082c00000, 0x0000000082b00000| Complete 
|  44|0x0000000082c00000, 0x0000000082d00000, 0x0000000082d00000|100%|HS|  |TAMS 0x0000000082d00000, 0x0000000082c00000| Complete 
|  45|0x0000000082d00000, 0x0000000082e00000, 0x0000000082e00000|100%|HC|  |TAMS 0x0000000082e00000, 0x0000000082d00000| Complete 
|  46|0x0000000082e00000, 0x0000000082f00000, 0x0000000082f00000|100%| O|  |TAMS 0x0000000082f00000, 0x0000000082e00000| Untracked 
|  47|0x0000000082f00000, 0x0000000083000000, 0x0000000083000000|100%| O|  |TAMS 0x0000000083000000, 0x0000000082f00000| Untracked 
|  48|0x0000000083000000, 0x0000000083100000, 0x0000000083100000|100%| O|  |TAMS 0x0000000083100000, 0x0000000083000000| Untracked 
|  49|0x0000000083100000, 0x0000000083200000, 0x0000000083200000|100%| O|  |TAMS 0x0000000083200000, 0x0000000083100000| Untracked 
|  50|0x0000000083200000, 0x0000000083300000, 0x0000000083300000|100%| O|  |TAMS 0x0000000083300000, 0x0000000083200000| Untracked 
|  51|0x0000000083300000, 0x0000000083400000, 0x0000000083400000|100%| O|  |TAMS 0x0000000083400000, 0x0000000083300000| Untracked 
|  52|0x0000000083400000, 0x0000000083500000, 0x0000000083500000|100%| O|  |TAMS 0x0000000083500000, 0x0000000083400000| Untracked 
|  53|0x0000000083500000, 0x0000000083600000, 0x0000000083600000|100%| O|  |TAMS 0x00000000835aaa00, 0x0000000083500000| Untracked 
|  54|0x0000000083600000, 0x0000000083700000, 0x0000000083700000|100%| O|  |TAMS 0x0000000083600000, 0x0000000083600000| Untracked 
|  55|0x0000000083700000, 0x0000000083800000, 0x0000000083800000|100%| O|  |TAMS 0x0000000083700000, 0x0000000083700000| Untracked 
|  56|0x0000000083800000, 0x0000000083900000, 0x0000000083900000|100%| O|  |TAMS 0x0000000083800000, 0x0000000083800000| Untracked 
|  57|0x0000000083900000, 0x0000000083a00000, 0x0000000083a00000|100%| O|  |TAMS 0x0000000083900000, 0x0000000083900000| Untracked 
|  58|0x0000000083a00000, 0x0000000083b00000, 0x0000000083b00000|100%| O|  |TAMS 0x0000000083a00000, 0x0000000083a00000| Untracked 
|  59|0x0000000083b00000, 0x0000000083c00000, 0x0000000083c00000|100%| O|  |TAMS 0x0000000083b00000, 0x0000000083b00000| Untracked 
|  60|0x0000000083c00000, 0x0000000083d00000, 0x0000000083d00000|100%| O|  |TAMS 0x0000000083c00000, 0x0000000083c00000| Untracked 
|  61|0x0000000083d00000, 0x0000000083e00000, 0x0000000083e00000|100%| O|  |TAMS 0x0000000083d00000, 0x0000000083d00000| Untracked 
|  62|0x0000000083e00000, 0x0000000083f00000, 0x0000000083f00000|100%| O|  |TAMS 0x0000000083e00000, 0x0000000083e00000| Untracked 
|  63|0x0000000083f00000, 0x0000000084000000, 0x0000000084000000|100%| O|  |TAMS 0x0000000083f00000, 0x0000000083f00000| Untracked 
|  64|0x0000000084000000, 0x0000000084100000, 0x0000000084100000|100%| O|  |TAMS 0x0000000084000000, 0x0000000084000000| Untracked 
|  65|0x0000000084100000, 0x0000000084200000, 0x0000000084200000|100%| O|  |TAMS 0x0000000084100000, 0x0000000084100000| Untracked 
|  66|0x0000000084200000, 0x0000000084300000, 0x0000000084300000|100%| O|  |TAMS 0x0000000084200000, 0x0000000084200000| Untracked 
|  67|0x0000000084300000, 0x0000000084400000, 0x0000000084400000|100%| O|  |TAMS 0x0000000084300000, 0x0000000084300000| Untracked 
|  68|0x0000000084400000, 0x00000000844ea200, 0x0000000084500000| 91%| O|  |TAMS 0x0000000084400000, 0x0000000084400000| Untracked 
|  69|0x0000000084500000, 0x0000000084500000, 0x0000000084600000|  0%| F|  |TAMS 0x0000000084500000, 0x0000000084500000| Untracked 
|  70|0x0000000084600000, 0x0000000084600000, 0x0000000084700000|  0%| F|  |TAMS 0x0000000084600000, 0x0000000084600000| Untracked 
|  71|0x0000000084700000, 0x0000000084700000, 0x0000000084800000|  0%| F|  |TAMS 0x0000000084700000, 0x0000000084700000| Untracked 
|  72|0x0000000084800000, 0x0000000084800000, 0x0000000084900000|  0%| F|  |TAMS 0x0000000084800000, 0x0000000084800000| Untracked 
|  73|0x0000000084900000, 0x0000000084900000, 0x0000000084a00000|  0%| F|  |TAMS 0x0000000084900000, 0x0000000084900000| Untracked 
|  74|0x0000000084a00000, 0x0000000084a00000, 0x0000000084b00000|  0%| F|  |TAMS 0x0000000084a00000, 0x0000000084a00000| Untracked 
|  75|0x0000000084b00000, 0x0000000084b00000, 0x0000000084c00000|  0%| F|  |TAMS 0x0000000084b00000, 0x0000000084b00000| Untracked 
|  76|0x0000000084c00000, 0x0000000084c00000, 0x0000000084d00000|  0%| F|  |TAMS 0x0000000084c00000, 0x0000000084c00000| Untracked 
|  77|0x0000000084d00000, 0x0000000084d00000, 0x0000000084e00000|  0%| F|  |TAMS 0x0000000084d00000, 0x0000000084d00000| Untracked 
|  78|0x0000000084e00000, 0x0000000084e00000, 0x0000000084f00000|  0%| F|  |TAMS 0x0000000084e00000, 0x0000000084e00000| Untracked 
|  79|0x0000000084f00000, 0x0000000084f00000, 0x0000000085000000|  0%| F|  |TAMS 0x0000000084f00000, 0x0000000084f00000| Untracked 
|  80|0x0000000085000000, 0x0000000085000000, 0x0000000085100000|  0%| F|  |TAMS 0x0000000085000000, 0x0000000085000000| Untracked 
|  81|0x0000000085100000, 0x0000000085100000, 0x0000000085200000|  0%| F|  |TAMS 0x0000000085100000, 0x0000000085100000| Untracked 
|  82|0x0000000085200000, 0x0000000085200000, 0x0000000085300000|  0%| F|  |TAMS 0x0000000085200000, 0x0000000085200000| Untracked 
|  83|0x0000000085300000, 0x0000000085300000, 0x0000000085400000|  0%| F|  |TAMS 0x0000000085300000, 0x0000000085300000| Untracked 
|  84|0x0000000085400000, 0x0000000085400000, 0x0000000085500000|  0%| F|  |TAMS 0x0000000085400000, 0x0000000085400000| Untracked 
|  85|0x0000000085500000, 0x0000000085500000, 0x0000000085600000|  0%| F|  |TAMS 0x0000000085500000, 0x0000000085500000| Untracked 
|  86|0x0000000085600000, 0x0000000085600000, 0x0000000085700000|  0%| F|  |TAMS 0x0000000085600000, 0x0000000085600000| Untracked 
|  87|0x0000000085700000, 0x0000000085700000, 0x0000000085800000|  0%| F|  |TAMS 0x0000000085700000, 0x0000000085700000| Untracked 
|  88|0x0000000085800000, 0x0000000085800000, 0x0000000085900000|  0%| F|  |TAMS 0x0000000085800000, 0x0000000085800000| Untracked 
|  89|0x0000000085900000, 0x0000000085900000, 0x0000000085a00000|  0%| F|  |TAMS 0x0000000085900000, 0x0000000085900000| Untracked 
|  90|0x0000000085a00000, 0x0000000085a00000, 0x0000000085b00000|  0%| F|  |TAMS 0x0000000085a00000, 0x0000000085a00000| Untracked 
|  91|0x0000000085b00000, 0x0000000085b00000, 0x0000000085c00000|  0%| F|  |TAMS 0x0000000085b00000, 0x0000000085b00000| Untracked 
|  92|0x0000000085c00000, 0x0000000085c00000, 0x0000000085d00000|  0%| F|  |TAMS 0x0000000085c00000, 0x0000000085c00000| Untracked 
|  93|0x0000000085d00000, 0x0000000085d00000, 0x0000000085e00000|  0%| F|  |TAMS 0x0000000085d00000, 0x0000000085d00000| Untracked 
|  94|0x0000000085e00000, 0x0000000085e00000, 0x0000000085f00000|  0%| F|  |TAMS 0x0000000085e00000, 0x0000000085e00000| Untracked 
|  95|0x0000000085f00000, 0x0000000085f00000, 0x0000000086000000|  0%| F|  |TAMS 0x0000000085f00000, 0x0000000085f00000| Untracked 
|  96|0x0000000086000000, 0x0000000086000000, 0x0000000086100000|  0%| F|  |TAMS 0x0000000086000000, 0x0000000086000000| Untracked 
|  97|0x0000000086100000, 0x0000000086100000, 0x0000000086200000|  0%| F|  |TAMS 0x0000000086100000, 0x0000000086100000| Untracked 
|  98|0x0000000086200000, 0x0000000086200000, 0x0000000086300000|  0%| F|  |TAMS 0x0000000086200000, 0x0000000086200000| Untracked 
|  99|0x0000000086300000, 0x0000000086300000, 0x0000000086400000|  0%| F|  |TAMS 0x0000000086300000, 0x0000000086300000| Untracked 
| 100|0x0000000086400000, 0x0000000086400000, 0x0000000086500000|  0%| F|  |TAMS 0x0000000086400000, 0x0000000086400000| Untracked 
| 101|0x0000000086500000, 0x0000000086500000, 0x0000000086600000|  0%| F|  |TAMS 0x0000000086500000, 0x0000000086500000| Untracked 
| 102|0x0000000086600000, 0x0000000086600000, 0x0000000086700000|  0%| F|  |TAMS 0x0000000086600000, 0x0000000086600000| Untracked 
| 103|0x0000000086700000, 0x0000000086700000, 0x0000000086800000|  0%| F|  |TAMS 0x0000000086700000, 0x0000000086700000| Untracked 
| 104|0x0000000086800000, 0x0000000086800000, 0x0000000086900000|  0%| F|  |TAMS 0x0000000086800000, 0x0000000086800000| Untracked 
| 105|0x0000000086900000, 0x0000000086900000, 0x0000000086a00000|  0%| F|  |TAMS 0x0000000086900000, 0x0000000086900000| Untracked 
| 106|0x0000000086a00000, 0x0000000086a00000, 0x0000000086b00000|  0%| F|  |TAMS 0x0000000086a00000, 0x0000000086a00000| Untracked 
| 107|0x0000000086b00000, 0x0000000086b00000, 0x0000000086c00000|  0%| F|  |TAMS 0x0000000086b00000, 0x0000000086b00000| Untracked 
| 108|0x0000000086c00000, 0x0000000086c00000, 0x0000000086d00000|  0%| F|  |TAMS 0x0000000086c00000, 0x0000000086c00000| Untracked 
| 109|0x0000000086d00000, 0x0000000086d00000, 0x0000000086e00000|  0%| F|  |TAMS 0x0000000086d00000, 0x0000000086d00000| Untracked 
| 110|0x0000000086e00000, 0x0000000086e00000, 0x0000000086f00000|  0%| F|  |TAMS 0x0000000086e00000, 0x0000000086e00000| Untracked 
| 111|0x0000000086f00000, 0x0000000086f00000, 0x0000000087000000|  0%| F|  |TAMS 0x0000000086f00000, 0x0000000086f00000| Untracked 
| 112|0x0000000087000000, 0x00000000870e8030, 0x0000000087100000| 90%| S|CS|TAMS 0x0000000087000000, 0x0000000087000000| Complete 
| 113|0x0000000087100000, 0x0000000087200000, 0x0000000087200000|100%| S|CS|TAMS 0x0000000087100000, 0x0000000087100000| Complete 
| 114|0x0000000087200000, 0x0000000087300000, 0x0000000087300000|100%| S|CS|TAMS 0x0000000087200000, 0x0000000087200000| Complete 
| 115|0x0000000087300000, 0x0000000087300000, 0x0000000087400000|  0%| F|  |TAMS 0x0000000087300000, 0x0000000087300000| Untracked 
| 116|0x0000000087400000, 0x0000000087400000, 0x0000000087500000|  0%| F|  |TAMS 0x0000000087400000, 0x0000000087400000| Untracked 
| 117|0x0000000087500000, 0x0000000087500000, 0x0000000087600000|  0%| F|  |TAMS 0x0000000087500000, 0x0000000087500000| Untracked 
| 118|0x0000000087600000, 0x0000000087600000, 0x0000000087700000|  0%| F|  |TAMS 0x0000000087600000, 0x0000000087600000| Untracked 
| 119|0x0000000087700000, 0x0000000087700000, 0x0000000087800000|  0%| F|  |TAMS 0x0000000087700000, 0x0000000087700000| Untracked 
| 120|0x0000000087800000, 0x0000000087800000, 0x0000000087900000|  0%| F|  |TAMS 0x0000000087800000, 0x0000000087800000| Untracked 
| 121|0x0000000087900000, 0x0000000087900000, 0x0000000087a00000|  0%| F|  |TAMS 0x0000000087900000, 0x0000000087900000| Untracked 
| 122|0x0000000087a00000, 0x0000000087a00000, 0x0000000087b00000|  0%| F|  |TAMS 0x0000000087a00000, 0x0000000087a00000| Untracked 
| 123|0x0000000087b00000, 0x0000000087b00000, 0x0000000087c00000|  0%| F|  |TAMS 0x0000000087b00000, 0x0000000087b00000| Untracked 
| 124|0x0000000087c00000, 0x0000000087c00000, 0x0000000087d00000|  0%| F|  |TAMS 0x0000000087c00000, 0x0000000087c00000| Untracked 
| 125|0x0000000087d00000, 0x0000000087d00000, 0x0000000087e00000|  0%| F|  |TAMS 0x0000000087d00000, 0x0000000087d00000| Untracked 
| 126|0x0000000087e00000, 0x0000000087e00000, 0x0000000087f00000|  0%| F|  |TAMS 0x0000000087e00000, 0x0000000087e00000| Untracked 
| 127|0x0000000087f00000, 0x0000000087f00000, 0x0000000088000000|  0%| F|  |TAMS 0x0000000087f00000, 0x0000000087f00000| Untracked 
| 128|0x0000000088000000, 0x0000000088000000, 0x0000000088100000|  0%| F|  |TAMS 0x0000000088000000, 0x0000000088000000| Untracked 
| 129|0x0000000088100000, 0x0000000088100000, 0x0000000088200000|  0%| F|  |TAMS 0x0000000088100000, 0x0000000088100000| Untracked 
| 130|0x0000000088200000, 0x0000000088200000, 0x0000000088300000|  0%| F|  |TAMS 0x0000000088200000, 0x0000000088200000| Untracked 
| 131|0x0000000088300000, 0x0000000088400000, 0x0000000088400000|100%| S|CS|TAMS 0x0000000088300000, 0x0000000088300000| Complete 
| 132|0x0000000088400000, 0x0000000088500000, 0x0000000088500000|100%| S|CS|TAMS 0x0000000088400000, 0x0000000088400000| Complete 
| 133|0x0000000088500000, 0x0000000088600000, 0x0000000088600000|100%| S|CS|TAMS 0x0000000088500000, 0x0000000088500000| Complete 
| 134|0x0000000088600000, 0x0000000088700000, 0x0000000088700000|100%| S|CS|TAMS 0x0000000088600000, 0x0000000088600000| Complete 
| 135|0x0000000088700000, 0x0000000088800000, 0x0000000088800000|100%| S|CS|TAMS 0x0000000088700000, 0x0000000088700000| Complete 
| 136|0x0000000088800000, 0x0000000088900000, 0x0000000088900000|100%| S|CS|TAMS 0x0000000088800000, 0x0000000088800000| Complete 
| 137|0x0000000088900000, 0x0000000088a00000, 0x0000000088a00000|100%| S|CS|TAMS 0x0000000088900000, 0x0000000088900000| Complete 
| 138|0x0000000088a00000, 0x0000000088b00000, 0x0000000088b00000|100%| S|CS|TAMS 0x0000000088a00000, 0x0000000088a00000| Complete 
| 139|0x0000000088b00000, 0x0000000088c00000, 0x0000000088c00000|100%| S|CS|TAMS 0x0000000088b00000, 0x0000000088b00000| Complete 
| 140|0x0000000088c00000, 0x0000000088d00000, 0x0000000088d00000|100%| S|CS|TAMS 0x0000000088c00000, 0x0000000088c00000| Complete 
| 141|0x0000000088d00000, 0x0000000088e00000, 0x0000000088e00000|100%| S|CS|TAMS 0x0000000088d00000, 0x0000000088d00000| Complete 
| 142|0x0000000088e00000, 0x0000000088f00000, 0x0000000088f00000|100%| S|CS|TAMS 0x0000000088e00000, 0x0000000088e00000| Complete 
| 143|0x0000000088f00000, 0x0000000088f00000, 0x0000000089000000|  0%| F|  |TAMS 0x0000000088f00000, 0x0000000088f00000| Untracked 
| 144|0x0000000089000000, 0x0000000089000000, 0x0000000089100000|  0%| F|  |TAMS 0x0000000089000000, 0x0000000089000000| Untracked 
| 145|0x0000000089100000, 0x0000000089100000, 0x0000000089200000|  0%| F|  |TAMS 0x0000000089100000, 0x0000000089100000| Untracked 
| 146|0x0000000089200000, 0x0000000089200000, 0x0000000089300000|  0%| F|  |TAMS 0x0000000089200000, 0x0000000089200000| Untracked 
| 147|0x0000000089300000, 0x0000000089300000, 0x0000000089400000|  0%| F|  |TAMS 0x0000000089300000, 0x0000000089300000| Untracked 
| 148|0x0000000089400000, 0x0000000089400000, 0x0000000089500000|  0%| F|  |TAMS 0x0000000089400000, 0x0000000089400000| Untracked 
| 149|0x0000000089500000, 0x0000000089500000, 0x0000000089600000|  0%| F|  |TAMS 0x0000000089500000, 0x0000000089500000| Untracked 
| 150|0x0000000089600000, 0x0000000089600000, 0x0000000089700000|  0%| F|  |TAMS 0x0000000089600000, 0x0000000089600000| Untracked 
| 151|0x0000000089700000, 0x0000000089700000, 0x0000000089800000|  0%| F|  |TAMS 0x0000000089700000, 0x0000000089700000| Untracked 
| 152|0x0000000089800000, 0x0000000089800000, 0x0000000089900000|  0%| F|  |TAMS 0x0000000089800000, 0x0000000089800000| Untracked 
| 153|0x0000000089900000, 0x0000000089900000, 0x0000000089a00000|  0%| F|  |TAMS 0x0000000089900000, 0x0000000089900000| Untracked 
| 154|0x0000000089a00000, 0x0000000089a00000, 0x0000000089b00000|  0%| F|  |TAMS 0x0000000089a00000, 0x0000000089a00000| Untracked 
| 155|0x0000000089b00000, 0x0000000089b00000, 0x0000000089c00000|  0%| F|  |TAMS 0x0000000089b00000, 0x0000000089b00000| Untracked 
| 156|0x0000000089c00000, 0x0000000089c00000, 0x0000000089d00000|  0%| F|  |TAMS 0x0000000089c00000, 0x0000000089c00000| Untracked 
| 157|0x0000000089d00000, 0x0000000089d00000, 0x0000000089e00000|  0%| F|  |TAMS 0x0000000089d00000, 0x0000000089d00000| Untracked 
| 158|0x0000000089e00000, 0x0000000089e00000, 0x0000000089f00000|  0%| F|  |TAMS 0x0000000089e00000, 0x0000000089e00000| Untracked 
| 159|0x0000000089f00000, 0x0000000089f00000, 0x000000008a000000|  0%| F|  |TAMS 0x0000000089f00000, 0x0000000089f00000| Untracked 
| 160|0x000000008a000000, 0x000000008a000000, 0x000000008a100000|  0%| F|  |TAMS 0x000000008a000000, 0x000000008a000000| Untracked 
| 161|0x000000008a100000, 0x000000008a100000, 0x000000008a200000|  0%| F|  |TAMS 0x000000008a100000, 0x000000008a100000| Untracked 
| 162|0x000000008a200000, 0x000000008a200000, 0x000000008a300000|  0%| F|  |TAMS 0x000000008a200000, 0x000000008a200000| Untracked 
| 163|0x000000008a300000, 0x000000008a300000, 0x000000008a400000|  0%| F|  |TAMS 0x000000008a300000, 0x000000008a300000| Untracked 
| 164|0x000000008a400000, 0x000000008a400000, 0x000000008a500000|  0%| F|  |TAMS 0x000000008a400000, 0x000000008a400000| Untracked 
| 165|0x000000008a500000, 0x000000008a500000, 0x000000008a600000|  0%| F|  |TAMS 0x000000008a500000, 0x000000008a500000| Untracked 
| 166|0x000000008a600000, 0x000000008a600000, 0x000000008a700000|  0%| F|  |TAMS 0x000000008a600000, 0x000000008a600000| Untracked 
| 167|0x000000008a700000, 0x000000008a700000, 0x000000008a800000|  0%| F|  |TAMS 0x000000008a700000, 0x000000008a700000| Untracked 
| 168|0x000000008a800000, 0x000000008a800000, 0x000000008a900000|  0%| F|  |TAMS 0x000000008a800000, 0x000000008a800000| Untracked 
| 169|0x000000008a900000, 0x000000008a900000, 0x000000008aa00000|  0%| F|  |TAMS 0x000000008a900000, 0x000000008a900000| Untracked 
| 170|0x000000008aa00000, 0x000000008aa00000, 0x000000008ab00000|  0%| F|  |TAMS 0x000000008aa00000, 0x000000008aa00000| Untracked 
| 171|0x000000008ab00000, 0x000000008ab00000, 0x000000008ac00000|  0%| F|  |TAMS 0x000000008ab00000, 0x000000008ab00000| Untracked 
| 172|0x000000008ac00000, 0x000000008ac00000, 0x000000008ad00000|  0%| F|  |TAMS 0x000000008ac00000, 0x000000008ac00000| Untracked 
| 173|0x000000008ad00000, 0x000000008ad00000, 0x000000008ae00000|  0%| F|  |TAMS 0x000000008ad00000, 0x000000008ad00000| Untracked 
| 174|0x000000008ae00000, 0x000000008ae00000, 0x000000008af00000|  0%| F|  |TAMS 0x000000008ae00000, 0x000000008ae00000| Untracked 
| 175|0x000000008af00000, 0x000000008af00000, 0x000000008b000000|  0%| F|  |TAMS 0x000000008af00000, 0x000000008af00000| Untracked 
| 176|0x000000008b000000, 0x000000008b000000, 0x000000008b100000|  0%| F|  |TAMS 0x000000008b000000, 0x000000008b000000| Untracked 
| 177|0x000000008b100000, 0x000000008b100000, 0x000000008b200000|  0%| F|  |TAMS 0x000000008b100000, 0x000000008b100000| Untracked 
| 178|0x000000008b200000, 0x000000008b200000, 0x000000008b300000|  0%| F|  |TAMS 0x000000008b200000, 0x000000008b200000| Untracked 
| 179|0x000000008b300000, 0x000000008b300000, 0x000000008b400000|  0%| F|  |TAMS 0x000000008b300000, 0x000000008b300000| Untracked 
| 180|0x000000008b400000, 0x000000008b400000, 0x000000008b500000|  0%| F|  |TAMS 0x000000008b400000, 0x000000008b400000| Untracked 
| 181|0x000000008b500000, 0x000000008b500000, 0x000000008b600000|  0%| F|  |TAMS 0x000000008b500000, 0x000000008b500000| Untracked 
| 182|0x000000008b600000, 0x000000008b600000, 0x000000008b700000|  0%| F|  |TAMS 0x000000008b600000, 0x000000008b600000| Untracked 
| 183|0x000000008b700000, 0x000000008b700000, 0x000000008b800000|  0%| F|  |TAMS 0x000000008b700000, 0x000000008b700000| Untracked 
| 184|0x000000008b800000, 0x000000008b800000, 0x000000008b900000|  0%| F|  |TAMS 0x000000008b800000, 0x000000008b800000| Untracked 
| 185|0x000000008b900000, 0x000000008b900000, 0x000000008ba00000|  0%| F|  |TAMS 0x000000008b900000, 0x000000008b900000| Untracked 
| 186|0x000000008ba00000, 0x000000008ba00000, 0x000000008bb00000|  0%| F|  |TAMS 0x000000008ba00000, 0x000000008ba00000| Untracked 
| 187|0x000000008bb00000, 0x000000008bb00000, 0x000000008bc00000|  0%| F|  |TAMS 0x000000008bb00000, 0x000000008bb00000| Untracked 
| 188|0x000000008bc00000, 0x000000008bc00000, 0x000000008bd00000|  0%| F|  |TAMS 0x000000008bc00000, 0x000000008bc00000| Untracked 
| 189|0x000000008bd00000, 0x000000008bd00000, 0x000000008be00000|  0%| F|  |TAMS 0x000000008bd00000, 0x000000008bd00000| Untracked 
| 190|0x000000008be00000, 0x000000008be00000, 0x000000008bf00000|  0%| F|  |TAMS 0x000000008be00000, 0x000000008be00000| Untracked 
| 191|0x000000008bf00000, 0x000000008bf00000, 0x000000008c000000|  0%| F|  |TAMS 0x000000008bf00000, 0x000000008bf00000| Untracked 
| 192|0x000000008c000000, 0x000000008c000000, 0x000000008c100000|  0%| F|  |TAMS 0x000000008c000000, 0x000000008c000000| Untracked 
| 193|0x000000008c100000, 0x000000008c100000, 0x000000008c200000|  0%| F|  |TAMS 0x000000008c100000, 0x000000008c100000| Untracked 
| 194|0x000000008c200000, 0x000000008c200000, 0x000000008c300000|  0%| F|  |TAMS 0x000000008c200000, 0x000000008c200000| Untracked 
| 195|0x000000008c300000, 0x000000008c300000, 0x000000008c400000|  0%| F|  |TAMS 0x000000008c300000, 0x000000008c300000| Untracked 
| 196|0x000000008c400000, 0x000000008c400000, 0x000000008c500000|  0%| F|  |TAMS 0x000000008c400000, 0x000000008c400000| Untracked 
| 197|0x000000008c500000, 0x000000008c500000, 0x000000008c600000|  0%| F|  |TAMS 0x000000008c500000, 0x000000008c500000| Untracked 
| 198|0x000000008c600000, 0x000000008c600000, 0x000000008c700000|  0%| F|  |TAMS 0x000000008c600000, 0x000000008c600000| Untracked 
| 199|0x000000008c700000, 0x000000008c700000, 0x000000008c800000|  0%| F|  |TAMS 0x000000008c700000, 0x000000008c700000| Untracked 
| 200|0x000000008c800000, 0x000000008c800000, 0x000000008c900000|  0%| F|  |TAMS 0x000000008c800000, 0x000000008c800000| Untracked 
| 201|0x000000008c900000, 0x000000008c900000, 0x000000008ca00000|  0%| F|  |TAMS 0x000000008c900000, 0x000000008c900000| Untracked 
| 202|0x000000008ca00000, 0x000000008ca00000, 0x000000008cb00000|  0%| F|  |TAMS 0x000000008ca00000, 0x000000008ca00000| Untracked 
| 203|0x000000008cb00000, 0x000000008cb00000, 0x000000008cc00000|  0%| F|  |TAMS 0x000000008cb00000, 0x000000008cb00000| Untracked 
| 204|0x000000008cc00000, 0x000000008cc00000, 0x000000008cd00000|  0%| F|  |TAMS 0x000000008cc00000, 0x000000008cc00000| Untracked 
| 205|0x000000008cd00000, 0x000000008cd00000, 0x000000008ce00000|  0%| F|  |TAMS 0x000000008cd00000, 0x000000008cd00000| Untracked 
| 206|0x000000008ce00000, 0x000000008ce00000, 0x000000008cf00000|  0%| F|  |TAMS 0x000000008ce00000, 0x000000008ce00000| Untracked 
| 207|0x000000008cf00000, 0x000000008cf00000, 0x000000008d000000|  0%| F|  |TAMS 0x000000008cf00000, 0x000000008cf00000| Untracked 
| 208|0x000000008d000000, 0x000000008d000000, 0x000000008d100000|  0%| F|  |TAMS 0x000000008d000000, 0x000000008d000000| Untracked 
| 209|0x000000008d100000, 0x000000008d100000, 0x000000008d200000|  0%| F|  |TAMS 0x000000008d100000, 0x000000008d100000| Untracked 
| 210|0x000000008d200000, 0x000000008d200000, 0x000000008d300000|  0%| F|  |TAMS 0x000000008d200000, 0x000000008d200000| Untracked 
| 211|0x000000008d300000, 0x000000008d300000, 0x000000008d400000|  0%| F|  |TAMS 0x000000008d300000, 0x000000008d300000| Untracked 
| 212|0x000000008d400000, 0x000000008d400000, 0x000000008d500000|  0%| F|  |TAMS 0x000000008d400000, 0x000000008d400000| Untracked 
| 213|0x000000008d500000, 0x000000008d500000, 0x000000008d600000|  0%| F|  |TAMS 0x000000008d500000, 0x000000008d500000| Untracked 
| 214|0x000000008d600000, 0x000000008d600000, 0x000000008d700000|  0%| F|  |TAMS 0x000000008d600000, 0x000000008d600000| Untracked 
| 215|0x000000008d700000, 0x000000008d700000, 0x000000008d800000|  0%| F|  |TAMS 0x000000008d700000, 0x000000008d700000| Untracked 
| 216|0x000000008d800000, 0x000000008d800000, 0x000000008d900000|  0%| F|  |TAMS 0x000000008d800000, 0x000000008d800000| Untracked 
| 217|0x000000008d900000, 0x000000008d900000, 0x000000008da00000|  0%| F|  |TAMS 0x000000008d900000, 0x000000008d900000| Untracked 
| 218|0x000000008da00000, 0x000000008da00000, 0x000000008db00000|  0%| F|  |TAMS 0x000000008da00000, 0x000000008da00000| Untracked 
| 219|0x000000008db00000, 0x000000008db00000, 0x000000008dc00000|  0%| F|  |TAMS 0x000000008db00000, 0x000000008db00000| Untracked 
| 220|0x000000008dc00000, 0x000000008dc00000, 0x000000008dd00000|  0%| F|  |TAMS 0x000000008dc00000, 0x000000008dc00000| Untracked 
| 221|0x000000008dd00000, 0x000000008dd00000, 0x000000008de00000|  0%| F|  |TAMS 0x000000008dd00000, 0x000000008dd00000| Untracked 
| 222|0x000000008de00000, 0x000000008de00000, 0x000000008df00000|  0%| F|  |TAMS 0x000000008de00000, 0x000000008de00000| Untracked 
| 223|0x000000008df00000, 0x000000008df00000, 0x000000008e000000|  0%| F|  |TAMS 0x000000008df00000, 0x000000008df00000| Untracked 
| 224|0x000000008e000000, 0x000000008e000000, 0x000000008e100000|  0%| F|  |TAMS 0x000000008e000000, 0x000000008e000000| Untracked 
| 225|0x000000008e100000, 0x000000008e100000, 0x000000008e200000|  0%| F|  |TAMS 0x000000008e100000, 0x000000008e100000| Untracked 
| 226|0x000000008e200000, 0x000000008e200000, 0x000000008e300000|  0%| F|  |TAMS 0x000000008e200000, 0x000000008e200000| Untracked 
| 227|0x000000008e300000, 0x000000008e300000, 0x000000008e400000|  0%| F|  |TAMS 0x000000008e300000, 0x000000008e300000| Untracked 
| 228|0x000000008e400000, 0x000000008e400000, 0x000000008e500000|  0%| F|  |TAMS 0x000000008e400000, 0x000000008e400000| Untracked 
| 229|0x000000008e500000, 0x000000008e500000, 0x000000008e600000|  0%| F|  |TAMS 0x000000008e500000, 0x000000008e500000| Untracked 
| 230|0x000000008e600000, 0x000000008e600000, 0x000000008e700000|  0%| F|  |TAMS 0x000000008e600000, 0x000000008e600000| Untracked 
| 231|0x000000008e700000, 0x000000008e700000, 0x000000008e800000|  0%| F|  |TAMS 0x000000008e700000, 0x000000008e700000| Untracked 
| 232|0x000000008e800000, 0x000000008e800000, 0x000000008e900000|  0%| F|  |TAMS 0x000000008e800000, 0x000000008e800000| Untracked 
| 233|0x000000008e900000, 0x000000008e900000, 0x000000008ea00000|  0%| F|  |TAMS 0x000000008e900000, 0x000000008e900000| Untracked 
| 234|0x000000008ea00000, 0x000000008ea00000, 0x000000008eb00000|  0%| F|  |TAMS 0x000000008ea00000, 0x000000008ea00000| Untracked 
| 235|0x000000008eb00000, 0x000000008eb00000, 0x000000008ec00000|  0%| F|  |TAMS 0x000000008eb00000, 0x000000008eb00000| Untracked 
| 236|0x000000008ec00000, 0x000000008ed00000, 0x000000008ed00000|100%| E|  |TAMS 0x000000008ec00000, 0x000000008ec00000| Complete 
| 237|0x000000008ed00000, 0x000000008ee00000, 0x000000008ee00000|100%| E|CS|TAMS 0x000000008ed00000, 0x000000008ed00000| Complete 
| 238|0x000000008ee00000, 0x000000008ef00000, 0x000000008ef00000|100%| E|CS|TAMS 0x000000008ee00000, 0x000000008ee00000| Complete 
| 239|0x000000008ef00000, 0x000000008f000000, 0x000000008f000000|100%| E|CS|TAMS 0x000000008ef00000, 0x000000008ef00000| Complete 
| 240|0x000000008f000000, 0x000000008f100000, 0x000000008f100000|100%| E|CS|TAMS 0x000000008f000000, 0x000000008f000000| Complete 
| 241|0x000000008f100000, 0x000000008f200000, 0x000000008f200000|100%| E|CS|TAMS 0x000000008f100000, 0x000000008f100000| Complete 
| 242|0x000000008f200000, 0x000000008f300000, 0x000000008f300000|100%| E|CS|TAMS 0x000000008f200000, 0x000000008f200000| Complete 
| 243|0x000000008f300000, 0x000000008f400000, 0x000000008f400000|100%| E|CS|TAMS 0x000000008f300000, 0x000000008f300000| Complete 
| 244|0x000000008f400000, 0x000000008f500000, 0x000000008f500000|100%| E|CS|TAMS 0x000000008f400000, 0x000000008f400000| Complete 
| 245|0x000000008f500000, 0x000000008f600000, 0x000000008f600000|100%| E|CS|TAMS 0x000000008f500000, 0x000000008f500000| Complete 
| 246|0x000000008f600000, 0x000000008f700000, 0x000000008f700000|100%| E|CS|TAMS 0x000000008f600000, 0x000000008f600000| Complete 
| 247|0x000000008f700000, 0x000000008f800000, 0x000000008f800000|100%| E|CS|TAMS 0x000000008f700000, 0x000000008f700000| Complete 
| 248|0x000000008f800000, 0x000000008f900000, 0x000000008f900000|100%| E|CS|TAMS 0x000000008f800000, 0x000000008f800000| Complete 
| 249|0x000000008f900000, 0x000000008fa00000, 0x000000008fa00000|100%| E|CS|TAMS 0x000000008f900000, 0x000000008f900000| Complete 
| 250|0x000000008fa00000, 0x000000008fb00000, 0x000000008fb00000|100%| E|CS|TAMS 0x000000008fa00000, 0x000000008fa00000| Complete 
| 251|0x000000008fb00000, 0x000000008fc00000, 0x000000008fc00000|100%| E|CS|TAMS 0x000000008fb00000, 0x000000008fb00000| Complete 
| 252|0x000000008fc00000, 0x000000008fd00000, 0x000000008fd00000|100%| E|CS|TAMS 0x000000008fc00000, 0x000000008fc00000| Complete 
| 253|0x000000008fd00000, 0x000000008fe00000, 0x000000008fe00000|100%| E|CS|TAMS 0x000000008fd00000, 0x000000008fd00000| Complete 
| 254|0x000000008fe00000, 0x000000008ff00000, 0x000000008ff00000|100%| E|CS|TAMS 0x000000008fe00000, 0x000000008fe00000| Complete 
| 255|0x000000008ff00000, 0x0000000090000000, 0x0000000090000000|100%| E|CS|TAMS 0x000000008ff00000, 0x000000008ff00000| Complete 

Card table byte_map: [0x000002907b1b0000,0x000002907b5b0000] _byte_map_base: 0x000002907adb0000

Marking Bits (Prev, Next): (CMBitMap*) 0x0000029074b61060, (CMBitMap*) 0x0000029074b61028
 Prev Bits: [0x000002907d9b0000, 0x000002907f9b0000)
 Next Bits: [0x000002907b9b0000, 0x000002907d9b0000)

Polling page: 0x0000029074c00000

Metaspace:

Usage:
  Non-class:     70.38 MB capacity,    68.82 MB ( 98%) used,     1.35 MB (  2%) free+waste,   223.13 KB ( <1%) overhead. 
      Class:     11.09 MB capacity,    10.30 MB ( 93%) used,   697.27 KB (  6%) free+waste,   104.44 KB ( <1%) overhead. 
       Both:     81.47 MB capacity,    79.12 MB ( 97%) used,     2.03 MB (  2%) free+waste,   327.56 KB ( <1%) overhead. 

Virtual space:
  Non-class space:       72.00 MB reserved,      70.45 MB ( 98%) committed 
      Class space:        1.00 GB reserved,      11.13 MB (  1%) committed 
             Both:        1.07 GB reserved,      81.57 MB (  7%) committed 

Chunk freelists:
   Non-Class:  7.00 KB
       Class:  8.00 KB
        Both:  15.00 KB

MaxMetaspaceSize: 17179869184.00 GB
CompressedClassSpaceSize: 1.00 GB

CodeHeap 'non-profiled nmethods': size=119168Kb used=4755Kb max_used=4755Kb free=114412Kb
 bounds [0x0000029007ba0000, 0x0000029008050000, 0x000002900f000000]
CodeHeap 'profiled nmethods': size=119168Kb used=20039Kb max_used=20039Kb free=99128Kb
 bounds [0x0000029000740000, 0x0000029001ae0000, 0x0000029007ba0000]
CodeHeap 'non-nmethods': size=7424Kb used=3976Kb max_used=4053Kb free=3447Kb
 bounds [0x0000029000000000, 0x0000029000400000, 0x0000029000740000]
 total_blobs=9844 nmethods=8953 adapters=797
 compilation: enabled
              stopped_count=0, restarted_count=0
 full_count=0

Compilation events (20 events):
Event: 7.067 Thread 0x00000290173e6800 nmethod 9129 0x0000029001ac6790 code [0x0000029001ac6960, 0x0000029001ac6c48]
Event: 7.067 Thread 0x00000290124e9800 nmethod 9130 0x0000029001ac6d90 code [0x0000029001ac6fa0, 0x0000029001ac77a8]
Event: 7.068 Thread 0x0000029012358000 9132       1       org.gradle.api.internal.provider.Collectors$ElementFromProvider::size (2 bytes)
Event: 7.068 Thread 0x00000290124e7800 9133       3       org.gradle.api.internal.provider.Collectors$TypedCollector::size (10 bytes)
Event: 7.068 Thread 0x0000029012358000 nmethod 9132 0x0000029008044a10 code [0x0000029008044bc0, 0x0000029008044c78]
Event: 7.068 Thread 0x00000290124e7800 nmethod 9133 0x0000029001ac7990 code [0x0000029001ac7b40, 0x0000029001ac7d08]
Event: 7.069 Thread 0x00000290173e6800 9135       3       java.lang.Class::getFactory (9 bytes)
Event: 7.069 Thread 0x00000290124e9800 9136       3       sun.reflect.generics.repository.GenericDeclRepository::<init> (7 bytes)
Event: 7.070 Thread 0x00000290124e9800 nmethod 9136 0x0000029001ac7e10 code [0x0000029001ac7fe0, 0x0000029001ac8328]
Event: 7.070 Thread 0x00000290173e6800 nmethod 9135 0x0000029001ac8410 code [0x0000029001ac8600, 0x0000029001ac8b58]
Event: 7.072 Thread 0x0000029012358000 9138       3       org.codehaus.groovy.runtime.metaclass.MetaMethodIndex::copyNonPrivateMethods (24 bytes)
Event: 7.072 Thread 0x00000290124e7800 9139       3       java.util.ComparableTimSort::gallopRight (327 bytes)
Event: 7.072 Thread 0x0000029012358000 nmethod 9138 0x0000029001ac8d10 code [0x0000029001ac8ee0, 0x0000029001ac90e8]
Event: 7.073 Thread 0x00000290124e7800 nmethod 9139 0x0000029001ac9210 code [0x0000029001ac9460, 0x0000029001ac9f58]
Event: 7.073 Thread 0x00000290124e7800 9140       3       org.codehaus.groovy.runtime.metaclass.MetaMethodIndex::copyNonPrivateNonNewMetaMethods (24 bytes)
Event: 7.073 Thread 0x00000290124e7800 nmethod 9140 0x0000029001aca310 code [0x0000029001aca4e0, 0x0000029001aca6e8]
Event: 7.077 Thread 0x00000290124e9800 9141       3       sun.reflect.generics.tree.Wildcard::make (10 bytes)
Event: 7.077 Thread 0x00000290173e6800 9142       3       sun.reflect.generics.tree.Wildcard::<init> (15 bytes)
Event: 7.077 Thread 0x00000290173e6800 nmethod 9142 0x0000029001aca810 code [0x0000029001aca9c0, 0x0000029001acabd8]
Event: 7.077 Thread 0x00000290124e9800 nmethod 9141 0x0000029001acac90 code [0x0000029001acae60, 0x0000029001acb118]

GC Heap History (18 events):
Event: 0.510 GC heap before
{Heap before GC invocations=0 (full 0):
 garbage-first heap   total 262144K, used 29696K [0x0000000080000000, 0x0000000100000000)
  region size 1024K, 24 young (24576K), 0 survivors (0K)
 Metaspace       used 9889K, capacity 10054K, committed 10112K, reserved 1058816K
  class space    used 1022K, capacity 1102K, committed 1152K, reserved 1048576K
}
Event: 0.513 GC heap after
{Heap after GC invocations=1 (full 0):
 garbage-first heap   total 262144K, used 9101K [0x0000000080000000, 0x0000000100000000)
  region size 1024K, 3 young (3072K), 3 survivors (3072K)
 Metaspace       used 9889K, capacity 10054K, committed 10112K, reserved 1058816K
  class space    used 1022K, capacity 1102K, committed 1152K, reserved 1048576K
}
Event: 1.466 GC heap before
{Heap before GC invocations=1 (full 0):
 garbage-first heap   total 262144K, used 104333K [0x0000000080000000, 0x0000000100000000)
  region size 1024K, 97 young (99328K), 3 survivors (3072K)
 Metaspace       used 20586K, capacity 21089K, committed 21248K, reserved 1067008K
  class space    used 2507K, capacity 2699K, committed 2816K, reserved 1048576K
}
Event: 1.472 GC heap after
{Heap after GC invocations=2 (full 0):
 garbage-first heap   total 262144K, used 16262K [0x0000000080000000, 0x0000000100000000)
  region size 1024K, 10 young (10240K), 10 survivors (10240K)
 Metaspace       used 20586K, capacity 21089K, committed 21248K, reserved 1067008K
  class space    used 2507K, capacity 2699K, committed 2816K, reserved 1048576K
}
Event: 1.774 GC heap before
{Heap before GC invocations=3 (full 0):
 garbage-first heap   total 262144K, used 59270K [0x0000000080000000, 0x0000000100000000)
  region size 1024K, 52 young (53248K), 10 survivors (10240K)
 Metaspace       used 25101K, capacity 25702K, committed 25728K, reserved 1071104K
  class space    used 3245K, capacity 3432K, committed 3456K, reserved 1048576K
}
Event: 1.778 GC heap after
{Heap after GC invocations=4 (full 0):
 garbage-first heap   total 262144K, used 18092K [0x0000000080000000, 0x0000000100000000)
  region size 1024K, 3 young (3072K), 3 survivors (3072K)
 Metaspace       used 25101K, capacity 25702K, committed 25728K, reserved 1071104K
  class space    used 3245K, capacity 3432K, committed 3456K, reserved 1048576K
}
Event: 2.485 GC heap before
{Heap before GC invocations=4 (full 0):
 garbage-first heap   total 262144K, used 102060K [0x0000000080000000, 0x0000000100000000)
  region size 1024K, 76 young (77824K), 3 survivors (3072K)
 Metaspace       used 34775K, capacity 35739K, committed 35840K, reserved 1081344K
  class space    used 4529K, capacity 4861K, committed 4864K, reserved 1048576K
}
Event: 2.491 GC heap after
{Heap after GC invocations=5 (full 0):
 garbage-first heap   total 262144K, used 34242K [0x0000000080000000, 0x0000000100000000)
  region size 1024K, 8 young (8192K), 8 survivors (8192K)
 Metaspace       used 34775K, capacity 35739K, committed 35840K, reserved 1081344K
  class space    used 4529K, capacity 4861K, committed 4864K, reserved 1048576K
}
Event: 3.205 GC heap before
{Heap before GC invocations=6 (full 0):
 garbage-first heap   total 262144K, used 146882K [0x0000000080000000, 0x0000000100000000)
  region size 1024K, 107 young (109568K), 8 survivors (8192K)
 Metaspace       used 44063K, capacity 45373K, committed 45644K, reserved 1089536K
  class space    used 5522K, capacity 5974K, committed 6016K, reserved 1048576K
}
Event: 3.211 GC heap after
{Heap after GC invocations=7 (full 0):
 garbage-first heap   total 262144K, used 50948K [0x0000000080000000, 0x0000000100000000)
  region size 1024K, 14 young (14336K), 14 survivors (14336K)
 Metaspace       used 44063K, capacity 45373K, committed 45644K, reserved 1089536K
  class space    used 5522K, capacity 5974K, committed 6016K, reserved 1048576K
}
Event: 3.999 GC heap before
{Heap before GC invocations=7 (full 0):
 garbage-first heap   total 262144K, used 160516K [0x0000000080000000, 0x0000000100000000)
  region size 1024K, 121 young (123904K), 14 survivors (14336K)
 Metaspace       used 52780K, capacity 54325K, committed 54348K, reserved 1095680K
  class space    used 6821K, capacity 7294K, committed 7296K, reserved 1048576K
}
Event: 4.006 GC heap after
{Heap after GC invocations=8 (full 0):
 garbage-first heap   total 262144K, used 58112K [0x0000000080000000, 0x0000000100000000)
  region size 1024K, 15 young (15360K), 15 survivors (15360K)
 Metaspace       used 52780K, capacity 54325K, committed 54348K, reserved 1095680K
  class space    used 6821K, capacity 7294K, committed 7296K, reserved 1048576K
}
Event: 5.033 GC heap before
{Heap before GC invocations=8 (full 0):
 garbage-first heap   total 262144K, used 151296K [0x0000000080000000, 0x0000000100000000)
  region size 1024K, 104 young (106496K), 15 survivors (15360K)
 Metaspace       used 58328K, capacity 59986K, committed 60236K, reserved 1101824K
  class space    used 7488K, capacity 8053K, committed 8064K, reserved 1048576K
}
Event: 5.047 GC heap after
{Heap after GC invocations=9 (full 0):
 garbage-first heap   total 262144K, used 70493K [0x0000000080000000, 0x0000000100000000)
  region size 1024K, 16 young (16384K), 16 survivors (16384K)
 Metaspace       used 58328K, capacity 59986K, committed 60236K, reserved 1101824K
  class space    used 7488K, capacity 8053K, committed 8064K, reserved 1048576K
}
Event: 6.030 GC heap before
{Heap before GC invocations=10 (full 0):
 garbage-first heap   total 262144K, used 182109K [0x0000000080000000, 0x0000000100000000)
  region size 1024K, 125 young (128000K), 16 survivors (16384K)
 Metaspace       used 70528K, capacity 72489K, committed 72652K, reserved 1112064K
  class space    used 9013K, capacity 9668K, committed 9728K, reserved 1048576K
}
Event: 6.038 GC heap after
{Heap after GC invocations=11 (full 0):
 garbage-first heap   total 262144K, used 78415K [0x0000000080000000, 0x0000000100000000)
  region size 1024K, 16 young (16384K), 16 survivors (16384K)
 Metaspace       used 70528K, capacity 72489K, committed 72652K, reserved 1112064K
  class space    used 9013K, capacity 9668K, committed 9728K, reserved 1048576K
}
Event: 6.983 GC heap before
{Heap before GC invocations=11 (full 0):
 garbage-first heap   total 262144K, used 194127K [0x0000000080000000, 0x0000000100000000)
  region size 1024K, 129 young (132096K), 16 survivors (16384K)
 Metaspace       used 80187K, capacity 82530K, committed 82636K, reserved 1120256K
  class space    used 10435K, capacity 11190K, committed 11264K, reserved 1048576K
}
Event: 6.990 GC heap after
{Heap after GC invocations=12 (full 0):
 garbage-first heap   total 262144K, used 85832K [0x0000000080000000, 0x0000000100000000)
  region size 1024K, 15 young (15360K), 15 survivors (15360K)
 Metaspace       used 80187K, capacity 82530K, committed 82636K, reserved 1120256K
  class space    used 10435K, capacity 11190K, committed 11264K, reserved 1048576K
}

Deoptimization events (20 events):
Event: 6.998 Thread 0x0000029013bc1800 DEOPT PACKING pc=0x00000290080314fc sp=0x000000becd4f87a0
Event: 6.998 Thread 0x0000029013bc1800 DEOPT UNPACKING pc=0x00000290000278af sp=0x000000becd4f8760 mode 2
Event: 7.001 Thread 0x0000029013bc1800 Uncommon trap: trap_request=0xffffffde fr.pc=0x0000029007cee9d4 relative=0x0000000000000514
Event: 7.001 Thread 0x0000029013bc1800 Uncommon trap: reason=class_check action=maybe_recompile pc=0x0000029007cee9d4 method=java.lang.Throwable.<init>(Ljava/lang/String;Ljava/lang/Throwable;)V @ 24 c2
Event: 7.001 Thread 0x0000029013bc1800 DEOPT PACKING pc=0x0000029007cee9d4 sp=0x000000becd4fad40
Event: 7.001 Thread 0x0000029013bc1800 DEOPT UNPACKING pc=0x00000290000278af sp=0x000000becd4fad08 mode 2
Event: 7.030 Thread 0x0000029013bc1800 DEOPT PACKING pc=0x00000290016b82d6 sp=0x000000becd4f8780
Event: 7.030 Thread 0x0000029013bc1800 DEOPT UNPACKING pc=0x00000290000276ce sp=0x000000becd4f7d20 mode 0
Event: 7.032 Thread 0x0000029013bc1800 Uncommon trap: trap_request=0xffffff4d fr.pc=0x0000029007fe75a8 relative=0x00000000000011e8
Event: 7.032 Thread 0x0000029013bc1800 Uncommon trap: reason=unstable_if action=reinterpret pc=0x0000029007fe75a8 method=org.objectweb.asm.Type.getArgumentsAndReturnSizes(Ljava/lang/String;)I @ 117 c2
Event: 7.032 Thread 0x0000029013bc1800 DEOPT PACKING pc=0x0000029007fe75a8 sp=0x000000becd4f8640
Event: 7.032 Thread 0x0000029013bc1800 DEOPT UNPACKING pc=0x00000290000278af sp=0x000000becd4f84e8 mode 2
Event: 7.032 Thread 0x0000029013bc1800 Uncommon trap: trap_request=0xffffff4d fr.pc=0x0000029007f39d58 relative=0x0000000000001638
Event: 7.032 Thread 0x0000029013bc1800 Uncommon trap: reason=unstable_if action=reinterpret pc=0x0000029007f39d58 method=org.objectweb.asm.Type.getArgumentsAndReturnSizes(Ljava/lang/String;)I @ 117 c2
Event: 7.032 Thread 0x0000029013bc1800 DEOPT PACKING pc=0x0000029007f39d58 sp=0x000000becd4f85d0
Event: 7.032 Thread 0x0000029013bc1800 DEOPT UNPACKING pc=0x00000290000278af sp=0x000000becd4f8478 mode 2
Event: 7.032 Thread 0x0000029013bc1800 Uncommon trap: trap_request=0xffffff4d fr.pc=0x0000029007f790cc relative=0x0000000000000a6c
Event: 7.032 Thread 0x0000029013bc1800 Uncommon trap: reason=unstable_if action=reinterpret pc=0x0000029007f790cc method=org.objectweb.asm.Frame.getAbstractTypeFromDescriptor(Lorg/objectweb/asm/SymbolTable;Ljava/lang/String;I)I @ 5 c2
Event: 7.032 Thread 0x0000029013bc1800 DEOPT PACKING pc=0x0000029007f790cc sp=0x000000becd4f8440
Event: 7.032 Thread 0x0000029013bc1800 DEOPT UNPACKING pc=0x00000290000278af sp=0x000000becd4f8400 mode 2

Classes redefined (0 events):
No events

Internal exceptions (20 events):
Event: 6.993 Thread 0x0000029013bc1800 Exception <a 'java/lang/ClassNotFoundException'{0x000000008fe8a5d0}: org/codehaus/groovy/runtime/NullObjectBeanInfo> (0x000000008fe8a5d0) thrown at [./src/hotspot/share/classfile/systemDictionary.cpp, line 231]
Event: 6.995 Thread 0x0000029013bc1800 Exception <a 'java/lang/ClassNotFoundException'{0x000000008fc5f350}: org/codehaus/groovy/runtime/NullObjectCustomizer> (0x000000008fc5f350) thrown at [./src/hotspot/share/classfile/systemDictionary.cpp, line 231]
Event: 6.998 Thread 0x0000029013bc1800 Exception <a 'java/lang/NoSuchMethodError'{0x000000008fcf3760}: <clinit>> (0x000000008fcf3760) thrown at [./src/hotspot/share/prims/jni.cpp, line 1362]
Event: 7.003 Thread 0x0000029013bc1800 Exception <a 'java/lang/NoSuchMethodError'{0x000000008fbbf8e0}: <clinit>> (0x000000008fbbf8e0) thrown at [./src/hotspot/share/prims/jni.cpp, line 1362]
Event: 7.008 Thread 0x0000029013bc1800 Exception <a 'java/lang/NoSuchMethodError'{0x000000008fa60680}: <clinit>> (0x000000008fa60680) thrown at [./src/hotspot/share/prims/jni.cpp, line 1362]
Event: 7.015 Thread 0x0000029013bc1800 Exception <a 'java/lang/NoSuchMethodError'{0x000000008f90bff0}: <clinit>> (0x000000008f90bff0) thrown at [./src/hotspot/share/prims/jni.cpp, line 1362]
Event: 7.065 Thread 0x0000029013bc1800 Exception <a 'java/lang/NoSuchMethodError'{0x000000008f3b2b10}: 'void java.lang.invoke.DirectMethodHandle$Holder.invokeStatic(java.lang.Object, int, java.lang.Object)'> (0x000000008f3b2b10) thrown at [./src/hotspot/share/interpreter/linkResolver.cpp, line 773]
Event: 7.066 Thread 0x0000029013bc1800 Exception <a 'java/lang/NoSuchMethodError'{0x000000008f3c0268}: 'int java.lang.invoke.DirectMethodHandle$Holder.invokeStatic(java.lang.Object, int, int, java.lang.Object)'> (0x000000008f3c0268) thrown at [./src/hotspot/share/interpreter/linkResolver.cpp, line 773]
Event: 7.069 Thread 0x0000029013bc1800 Exception <a 'java/lang/ClassNotFoundException'{0x000000008f2761b0}: java/util/LinkedHashSetBeanInfo> (0x000000008f2761b0) thrown at [./src/hotspot/share/classfile/systemDictionary.cpp, line 231]
Event: 7.069 Thread 0x0000029013bc1800 Exception <a 'java/lang/ClassNotFoundException'{0x000000008f27fc38}: java/util/HashSetBeanInfo> (0x000000008f27fc38) thrown at [./src/hotspot/share/classfile/systemDictionary.cpp, line 231]
Event: 7.069 Thread 0x0000029013bc1800 Exception <a 'java/lang/ClassNotFoundException'{0x000000008f28a188}: java/util/AbstractSetBeanInfo> (0x000000008f28a188) thrown at [./src/hotspot/share/classfile/systemDictionary.cpp, line 231]
Event: 7.069 Thread 0x0000029013bc1800 Exception <a 'java/lang/ClassNotFoundException'{0x000000008f294798}: java/util/AbstractSetCustomizer> (0x000000008f294798) thrown at [./src/hotspot/share/classfile/systemDictionary.cpp, line 231]
Event: 7.070 Thread 0x0000029013bc1800 Exception <a 'java/lang/ClassNotFoundException'{0x000000008f2a2e48}: java/util/HashSetCustomizer> (0x000000008f2a2e48) thrown at [./src/hotspot/share/classfile/systemDictionary.cpp, line 231]
Event: 7.070 Thread 0x0000029013bc1800 Exception <a 'java/lang/ClassNotFoundException'{0x000000008f2b4af8}: java/util/LinkedHashSetCustomizer> (0x000000008f2b4af8) thrown at [./src/hotspot/share/classfile/systemDictionary.cpp, line 231]
Event: 7.074 Thread 0x0000029013bc1800 Exception <a 'java/lang/ClassNotFoundException'{0x000000008f198670}: com/android/build/gradle/tasks/factory/AndroidUnitTest_DecoratedBeanInfo> (0x000000008f198670) thrown at [./src/hotspot/share/classfile/systemDictionary.cpp, line 231]
Event: 7.074 Thread 0x0000029013bc1800 Exception <a 'java/lang/ClassNotFoundException'{0x000000008f1b1530}: com/android/build/gradle/tasks/factory/AndroidUnitTestBeanInfo> (0x000000008f1b1530) thrown at [./src/hotspot/share/classfile/systemDictionary.cpp, line 231]
Event: 7.074 Thread 0x0000029013bc1800 Exception <a 'java/lang/ClassNotFoundException'{0x000000008f1cfca8}: org/gradle/api/tasks/testing/TestBeanInfo> (0x000000008f1cfca8) thrown at [./src/hotspot/share/classfile/systemDictionary.cpp, line 231]
Event: 7.074 Thread 0x0000029013bc1800 Exception <a 'java/lang/ClassNotFoundException'{0x000000008f1f1e60}: org/gradle/api/tasks/testing/AbstractTestTaskBeanInfo> (0x000000008f1f1e60) thrown at [./src/hotspot/share/classfile/systemDictionary.cpp, line 231]
Event: 7.075 Thread 0x0000029013bc1800 Exception <a 'java/lang/ClassNotFoundException'{0x000000008f0148e8}: org/gradle/api/tasks/testing/AbstractTestTaskCustomizer> (0x000000008f0148e8) thrown at [./src/hotspot/share/classfile/systemDictionary.cpp, line 231]
Event: 7.076 Thread 0x0000029013bc1800 Exception <a 'java/lang/ClassNotFoundException'{0x000000008f052450}: org/gradle/api/tasks/testing/TestCustomizer> (0x000000008f052450) thrown at [./src/hotspot/share/classfile/systemDictionary.cpp, line 231]

Events (20 events):
Event: 7.074 loading class org/gradle/api/tasks/testing/AbstractTestTaskCustomizer
Event: 7.074 loading class org/gradle/api/tasks/testing/AbstractTestTaskCustomizer done
Event: 7.075 loading class org/gradle/api/tasks/testing/AbstractTestTaskCustomizer
Event: 7.075 loading class org/gradle/api/tasks/testing/AbstractTestTaskCustomizer done
Event: 7.075 loading class org/gradle/api/tasks/testing/AbstractTestTaskCustomizer
Event: 7.075 loading class org/gradle/api/tasks/testing/AbstractTestTaskCustomizer done
Event: 7.075 loading class org/gradle/api/tasks/testing/TestCustomizer
Event: 7.075 loading class org/gradle/api/tasks/testing/TestCustomizer done
Event: 7.075 loading class org/gradle/api/tasks/testing/TestCustomizer
Event: 7.075 loading class org/gradle/api/tasks/testing/TestCustomizer done
Event: 7.076 loading class org/gradle/api/tasks/testing/TestCustomizer
Event: 7.076 loading class org/gradle/api/tasks/testing/TestCustomizer done
Event: 7.076 loading class org/gradle/api/file/FileTreeElement
Event: 7.076 loading class org/gradle/api/file/FileTreeElement done
Event: 7.076 loading class org/gradle/api/tasks/testing/junit/JUnitOptions
Event: 7.076 loading class org/gradle/api/tasks/testing/junit/JUnitOptions done
Event: 7.077 loading class org/gradle/api/tasks/testing/junitplatform/JUnitPlatformOptions
Event: 7.077 loading class org/gradle/api/tasks/testing/junitplatform/JUnitPlatformOptions done
Event: 7.077 loading class org/gradle/api/tasks/testing/testng/TestNGOptions
Event: 7.077 loading class org/gradle/api/tasks/testing/testng/TestNGOptions done


Dynamic libraries:
0x00007ff6eb010000 - 0x00007ff6eb01a000 	C:\Program Files\Android\Android Studio\jre\bin\java.exe
0x00007ffe9d270000 - 0x00007ffe9d465000 	C:\Windows\SYSTEM32\ntdll.dll
0x00007ffe9b440000 - 0x00007ffe9b4fe000 	C:\Windows\System32\KERNEL32.DLL
0x00007ffe9aa50000 - 0x00007ffe9ad19000 	C:\Windows\System32\KERNELBASE.dll
0x00007ffe9b0c0000 - 0x00007ffe9b1c0000 	C:\Windows\System32\ucrtbase.dll
0x00007ffe904f0000 - 0x00007ffe90509000 	C:\Program Files\Android\Android Studio\jre\bin\jli.dll
0x00007ffe9b500000 - 0x00007ffe9b6a1000 	C:\Windows\System32\USER32.dll
0x00007ffe901c0000 - 0x00007ffe901d7000 	C:\Program Files\Android\Android Studio\jre\bin\VCRUNTIME140.dll
0x00007ffe85190000 - 0x00007ffe8542a000 	C:\Windows\WinSxS\amd64_microsoft.windows.common-controls_6595b64144ccf1df_6.0.19041.1110_none_60b5254171f9507e\COMCTL32.dll
0x00007ffe9aa20000 - 0x00007ffe9aa42000 	C:\Windows\System32\win32u.dll
0x00007ffe9cdb0000 - 0x00007ffe9ce4e000 	C:\Windows\System32\msvcrt.dll
0x00007ffe9d0d0000 - 0x00007ffe9d0fb000 	C:\Windows\System32\GDI32.dll
0x00007ffe9aeb0000 - 0x00007ffe9afbb000 	C:\Windows\System32\gdi32full.dll
0x00007ffe9b220000 - 0x00007ffe9b2bd000 	C:\Windows\System32\msvcp_win.dll
0x00007ffe9b8b0000 - 0x00007ffe9b8e0000 	C:\Windows\System32\IMM32.DLL
0x00007ffe80d40000 - 0x00007ffe80ddd000 	C:\Program Files\Android\Android Studio\jre\bin\msvcp140.dll
0x00007ffe63ca0000 - 0x00007ffe6476f000 	C:\Program Files\Android\Android Studio\jre\bin\server\jvm.dll
0x00007ffe9b390000 - 0x00007ffe9b43c000 	C:\Windows\System32\ADVAPI32.dll
0x00007ffe9cca0000 - 0x00007ffe9cd3b000 	C:\Windows\System32\sechost.dll
0x00007ffe9d100000 - 0x00007ffe9d22a000 	C:\Windows\System32\RPCRT4.dll
0x00007ffe9cda0000 - 0x00007ffe9cda8000 	C:\Windows\System32\PSAPI.DLL
0x00007ffe83c80000 - 0x00007ffe83c89000 	C:\Windows\SYSTEM32\WSOCK32.dll
0x00007ffe92ff0000 - 0x00007ffe93017000 	C:\Windows\SYSTEM32\WINMM.dll
0x00007ffe997e0000 - 0x00007ffe997ea000 	C:\Windows\SYSTEM32\VERSION.dll
0x00007ffe9c680000 - 0x00007ffe9c6eb000 	C:\Windows\System32\ws2_32.DLL
0x00007ffe997a0000 - 0x00007ffe997b2000 	C:\Windows\SYSTEM32\kernel.appcore.dll
0x00007ffe901e0000 - 0x00007ffe901f1000 	C:\Program Files\Android\Android Studio\jre\bin\verify.dll
0x00007ffe90680000 - 0x00007ffe90864000 	C:\Windows\SYSTEM32\DBGHELP.DLL
0x00007ffe86830000 - 0x00007ffe8685c000 	C:\Windows\SYSTEM32\dbgcore.DLL
0x00007ffe9a990000 - 0x00007ffe9aa13000 	C:\Windows\System32\bcryptPrimitives.dll
0x00007ffe8bd00000 - 0x00007ffe8bd29000 	C:\Program Files\Android\Android Studio\jre\bin\java.dll
0x00007ffe97fe0000 - 0x00007ffe97feb000 	C:\Program Files\Android\Android Studio\jre\bin\jimage.dll
0x00007ffe8f490000 - 0x00007ffe8f4a8000 	C:\Program Files\Android\Android Studio\jre\bin\zip.dll
0x00007ffe9bf30000 - 0x00007ffe9c66f000 	C:\Windows\System32\SHELL32.dll
0x00007ffe98fb0000 - 0x00007ffe99740000 	C:\Windows\SYSTEM32\windows.storage.dll
0x00007ffe9bb30000 - 0x00007ffe9be85000 	C:\Windows\System32\combase.dll
0x00007ffe9a3e0000 - 0x00007ffe9a40c000 	C:\Windows\SYSTEM32\Wldp.dll
0x00007ffe9ce50000 - 0x00007ffe9cefe000 	C:\Windows\System32\SHCORE.dll
0x00007ffe9b6b0000 - 0x00007ffe9b705000 	C:\Windows\System32\shlwapi.dll
0x00007ffe9a8d0000 - 0x00007ffe9a8ef000 	C:\Windows\SYSTEM32\profapi.dll
0x00007ffe8d1c0000 - 0x00007ffe8d1da000 	C:\Program Files\Android\Android Studio\jre\bin\net.dll
0x00007ffe8d380000 - 0x00007ffe8d488000 	C:\Windows\SYSTEM32\WINHTTP.dll
0x00007ffe9a140000 - 0x00007ffe9a1aa000 	C:\Windows\system32\mswsock.dll
0x00007ffe8c040000 - 0x00007ffe8c054000 	C:\Program Files\Android\Android Studio\jre\bin\nio.dll
0x00007ffe8fbd0000 - 0x00007ffe8fbf7000 	C:\Users\Evan\.gradle\native\8bec1ad78214c89d9ad589b4d07fe93259594b29d510b10fafb7a158f7737e5d\windows-amd64\native-platform.dll
0x00007ffe6f390000 - 0x00007ffe6f4cd000 	C:\Users\Evan\.gradle\native\53dbd7edfb1c66fb8903c78663c9afc45aea4f116125fa6feffd364cf09443e8\windows-amd64\native-platform-file-events.dll
0x00007ffe95e20000 - 0x00007ffe95e2a000 	C:\Program Files\Android\Android Studio\jre\bin\management.dll
0x00007ffe904e0000 - 0x00007ffe904ec000 	C:\Program Files\Android\Android Studio\jre\bin\management_ext.dll
0x00007ffe9a330000 - 0x00007ffe9a348000 	C:\Windows\SYSTEM32\CRYPTSP.dll
0x00007ffe99a50000 - 0x00007ffe99a84000 	C:\Windows\system32\rsaenh.dll
0x00007ffe9ae80000 - 0x00007ffe9aea7000 	C:\Windows\System32\bcrypt.dll
0x00007ffe9a850000 - 0x00007ffe9a87e000 	C:\Windows\SYSTEM32\USERENV.dll
0x00007ffe9a350000 - 0x00007ffe9a35c000 	C:\Windows\SYSTEM32\CRYPTBASE.dll
0x00007ffe99de0000 - 0x00007ffe99e1b000 	C:\Windows\SYSTEM32\IPHLPAPI.DLL
0x00007ffe9c670000 - 0x00007ffe9c678000 	C:\Windows\System32\NSI.dll
0x00007ffe94710000 - 0x00007ffe94727000 	C:\Windows\SYSTEM32\dhcpcsvc6.DLL
0x00007ffe94750000 - 0x00007ffe9476d000 	C:\Windows\SYSTEM32\dhcpcsvc.DLL
0x00007ffe99e30000 - 0x00007ffe99efc000 	C:\Windows\SYSTEM32\DNSAPI.dll

dbghelp: loaded successfully - version: 4.0.5 - missing functions: none
symbol engine: initialized successfully - sym options: 0x614 - pdb path: .;C:\Program Files\Android\Android Studio\jre\bin;C:\Windows\SYSTEM32;C:\Windows\WinSxS\amd64_microsoft.windows.common-controls_6595b64144ccf1df_6.0.19041.1110_none_60b5254171f9507e;C:\Program Files\Android\Android Studio\jre\bin\server;C:\Users\Evan\.gradle\native\8bec1ad78214c89d9ad589b4d07fe93259594b29d510b10fafb7a158f7737e5d\windows-amd64;C:\Users\Evan\.gradle\native\53dbd7edfb1c66fb8903c78663c9afc45aea4f116125fa6feffd364cf09443e8\windows-amd64

VM Arguments:
jvm_args: --add-opens=java.base/java.util=ALL-UNNAMED --add-opens=java.base/java.lang=ALL-UNNAMED --add-opens=java.base/java.lang.invoke=ALL-UNNAMED --add-opens=java.base/java.util=ALL-UNNAMED --add-opens=java.prefs/java.util.prefs=ALL-UNNAMED --add-opens=java.prefs/java.util.prefs=ALL-UNNAMED --add-opens=java.base/java.nio.charset=ALL-UNNAMED --add-opens=java.base/java.net=ALL-UNNAMED --add-opens=java.base/java.util.concurrent.atomic=ALL-UNNAMED -Xmx2048m -Dfile.encoding=UTF-8 -Duser.country=US -Duser.language=en -Duser.variant 
java_command: org.gradle.launcher.daemon.bootstrap.GradleDaemon 7.0.2
java_class_path (initial): C:\Users\Evan\.gradle\wrapper\dists\gradle-7.0.2-bin\857tjihv64xamwrf0h14cai3r\gradle-7.0.2\lib\gradle-launcher-7.0.2.jar
Launcher Type: SUN_STANDARD

[Global flags]
     intx CICompilerCount                          = 12                                        {product} {ergonomic}
     uint ConcGCThreads                            = 3                                         {product} {ergonomic}
     uint G1ConcRefinementThreads                  = 13                                        {product} {ergonomic}
   size_t G1HeapRegionSize                         = 1048576                                   {product} {ergonomic}
    uintx GCDrainStackTargetSize                   = 64                                        {product} {ergonomic}
   size_t InitialHeapSize                          = 268435456                                 {product} {ergonomic}
   size_t MarkStackSize                            = 4194304                                   {product} {ergonomic}
   size_t MaxHeapSize                              = 2147483648                                {product} {command line}
   size_t MaxNewSize                               = 1287651328                                {product} {ergonomic}
   size_t MinHeapDeltaBytes                        = 1048576                                   {product} {ergonomic}
    uintx NonNMethodCodeHeapSize                   = 7594288                                {pd product} {ergonomic}
    uintx NonProfiledCodeHeapSize                  = 122031976                              {pd product} {ergonomic}
    uintx ProfiledCodeHeapSize                     = 122031976                              {pd product} {ergonomic}
    uintx ReservedCodeCacheSize                    = 251658240                              {pd product} {ergonomic}
     bool SegmentedCodeCache                       = true                                      {product} {ergonomic}
     bool UseCompressedClassPointers               = true                                 {lp64_product} {ergonomic}
     bool UseCompressedOops                        = true                                 {lp64_product} {ergonomic}
     bool UseG1GC                                  = true                                      {product} {ergonomic}
     bool UseLargePagesIndividualAllocation        = false                                  {pd product} {ergonomic}

Logging:
Log output configuration:
 #0: stdout all=warning uptime,level,tags
 #1: stderr all=off uptime,level,tags

Environment Variables:
PATH=C:\Program Files\Common Files\Oracle\Java\javapath;C:\Program Files (x86)\Razer Chroma SDK\bin;C:\Program Files\Razer Chroma SDK\bin;C:\Program Files\Python39\Scripts\;C:\Program Files\Python39\;C:\Program Files (x86)\Razer\ChromaBroadcast\bin;C:\Program Files\Razer\ChromaBroadcast\bin;C:\Windows\system32;C:\Windows;C:\Windows\System32\Wbem;C:\Windows\System32\WindowsPowerShell\v1.0\;C:\Windows\System32\OpenSSH\;C:\Windows\system32\config\systemprofile\AppData\Local\Microsoft\WindowsApps;C:\Program Files\Git\cmd;C:\Program Files\MySQL\MySQL Shell 8.0\bin\;C:\Program Files (x86)\Razer\ChromaBroadcast\bin;C:\Program Files\Razer\ChromaBroadcast\bin;C:\Windows\system32;C:\Windows;C:\Windows\System32\Wbem;C:\Windows\System32\WindowsPowerShell\v1.0\;C:\Windows\System32\OpenSSH\;C:\Windows\system32\config\systemprofile\AppData\Local\Microsoft\WindowsApps;C:\Python27;C:\Python27\Scripts;C:\Program Files\JetBrains\PyCharm 2020.3.2\bin;C:\Users\Evan;
USERNAME=Evan
OS=Windows_NT
PROCESSOR_IDENTIFIER=AMD64 Family 23 Model 113 Stepping 0, AuthenticAMD



---------------  S Y S T E M  ---------------

OS: Windows 10 , 64 bit Build 19041 (10.0.19041.1202)
OS uptime: 11 days 19:42 hours

CPU:total 16 (initial active 16) (16 cores per cpu, 2 threads per core) family 23 model 113 stepping 0 microcode 0x0, cmov, cx8, fxsr, mmx, sse, sse2, sse3, ssse3, sse4.1, sse4.2, popcnt, avx, avx2, aes, clmul, mmxext, 3dnowpref, lzcnt, sse4a, ht, tsc, tscinvbit, tscinv, bmi1, bmi2, adx,

Memory: 4k page, system-wide physical 16310M (369M free)
TotalPageFile size 65462M (AvailPageFile size 4M)
current process WorkingSet (physical memory assigned to process): 457M, peak: 457M
current process commit charge ("private bytes"): 556M, peak: 563M

vm_info: OpenJDK 64-Bit Server VM (11.0.10+0-b96-7249189) for windows-amd64 JRE (11.0.10+0-b96-7249189), built on Mar 31 2021 21:44:00 by "builder" with MS VC++ 14.0 (VS2015)

END.
